[ 2018-06-07T18:21:09+08:00 ] 115.171.225.203 /admin/order/orderlist/menuid/79.html?_=1528361847146
INFO: [ app_begin ] --START--
INFO: Run Behavior\ReadHtmlCacheBehavior [ RunTime:0.000811s ]
INFO: Run Common\Behavior\SettingBehavior [ RunTime:0.000533s ]
INFO: [ app_begin ] --END-- [ RunTime:0.001925s ]
SQL: SHOW COLUMNS FROM `log` [ RunTime:0.0176s ]
SQL: INSERT INTO `log` (`username`,`userid`,`controller`,`action`,`querystring`,`time`,`ip`) VALUES ('Super','1','Order','orderlist','array (
  \'GET\' => 
  array (
    \'menuid\' => \'79\',
    \'_\' => \'1528361847146\',
  ),
)','2018-06-07 18-21-08','115.171.225.203') [ RunTime:0.0173s ]
SQL: SHOW COLUMNS FROM `menu` [ RunTime:0.0168s ]
SQL: SELECT * FROM `menu` WHERE `id` = 79 LIMIT 1   [ RunTime:0.0166s ]
SQL: SELECT * FROM `menu` WHERE `id` = 75 LIMIT 1   [ RunTime:0.0171s ]
SQL: SELECT * FROM `menu` WHERE `id` = 63 LIMIT 1   [ RunTime:0.0172s ]
SQL: SELECT * FROM `menu` WHERE `parentid` = 79 AND `display` = 1 AND `toolbar` = 1 ORDER BY listorder ASC LIMIT 1000   [ RunTime:0.0171s ]
INFO: [ view_parse ] --START--
INFO: [ template_filter ] --START--
INFO: Run Behavior\ContentReplaceBehavior [ RunTime:0.000086s ]
INFO: [ template_filter ] --END-- [ RunTime:0.000175s ]
INFO: Run Behavior\ParseTemplateBehavior [ RunTime:0.017568s ]
INFO: [ view_parse ] --END-- [ RunTime:0.017644s ]
INFO: [ view_filter ] --START--
INFO: Run Behavior\WriteHtmlCacheBehavior [ RunTime:0.000458s ]
INFO: [ view_filter ] --END-- [ RunTime:0.000514s ]
INFO: [ app_end ] --START--
INFO: Run Behavior\ShowPageTraceBehavior [ RunTime:0.001385s ]
INFO: [ app_end ] --END-- [ RunTime:0.001480s ]

[ 2018-06-07T18:21:09+08:00 ] 115.171.225.203 /admin/charge/paytype/grid/datagrid.html
INFO: [ app_begin ] --START--
INFO: Run Behavior\ReadHtmlCacheBehavior [ RunTime:0.000751s ]
INFO: Run Common\Behavior\SettingBehavior [ RunTime:0.000470s ]
INFO: [ app_begin ] --END-- [ RunTime:0.001761s ]
SQL: SHOW COLUMNS FROM `log` [ RunTime:0.0268s ]
SQL: INSERT INTO `log` (`username`,`userid`,`controller`,`action`,`querystring`,`time`,`ip`) VALUES ('Super','1','Charge','paytype','array (
  \'GET\' => 
  array (
    \'grid\' => \'datagrid\',
  ),
  \'POST\' => 
  array (
    \'page\' => \'1\',
    \'rows\' => \'20\',
  ),
)','2018-06-07 18-21-09','115.171.225.203') [ RunTime:0.0244s ]
SQL: SHOW COLUMNS FROM `charge_power` [ RunTime:0.0258s ]
SQL: SELECT COUNT(*) AS tp_count FROM `charge_power` LIMIT 1   [ RunTime:0.0254s ]
NOTIC: [8] Undefined variable: id /home/bjlongxingtang1b3jkl1oan2g9x6ixnjgktiatn3g/wwwroot/Admin/Controller/ChargeController.class.php 第 151 行.
SQL: SELECT * FROM `charge_power` ORDER BY `create_time` desc LIMIT 0,20   [ RunTime:0.0241s ]
NOTIC: [8] Undefined variable: id /home/bjlongxingtang1b3jkl1oan2g9x6ixnjgktiatn3g/wwwroot/Admin/Controller/ChargeController.class.php 第 160 行.

[ 2018-06-07T18:21:09+08:00 ] 115.171.225.203 /admin/order/reorderlist/menuid/80.html?_=1528361847147
INFO: [ app_begin ] --START--
INFO: Run Behavior\ReadHtmlCacheBehavior [ RunTime:0.000936s ]
INFO: Run Common\Behavior\SettingBehavior [ RunTime:0.000686s ]
INFO: [ app_begin ] --END-- [ RunTime:0.002324s ]
SQL: SHOW COLUMNS FROM `log` [ RunTime:0.0271s ]
SQL: INSERT INTO `log` (`username`,`userid`,`controller`,`action`,`querystring`,`time`,`ip`) VALUES ('Super','1','Order','reorderlist','array (
  \'GET\' => 
  array (
    \'menuid\' => \'80\',
    \'_\' => \'1528361847147\',
  ),
)','2018-06-07 18-21-09','115.171.225.203') [ RunTime:0.0264s ]
SQL: SHOW COLUMNS FROM `menu` [ RunTime:0.0270s ]
SQL: SELECT * FROM `menu` WHERE `id` = 80 LIMIT 1   [ RunTime:0.0265s ]
SQL: SELECT * FROM `menu` WHERE `id` = 75 LIMIT 1   [ RunTime:0.0267s ]
SQL: SELECT * FROM `menu` WHERE `id` = 63 LIMIT 1   [ RunTime:0.0263s ]
SQL: SELECT * FROM `menu` WHERE `parentid` = 80 AND `display` = 1 AND `toolbar` = 1 ORDER BY listorder ASC LIMIT 1000   [ RunTime:0.0262s ]
INFO: [ view_parse ] --START--
INFO: [ template_filter ] --START--
INFO: Run Behavior\ContentReplaceBehavior [ RunTime:0.000055s ]
INFO: [ template_filter ] --END-- [ RunTime:0.000098s ]
INFO: Run Behavior\ParseTemplateBehavior [ RunTime:0.010857s ]
INFO: [ view_parse ] --END-- [ RunTime:0.010901s ]
INFO: [ view_filter ] --START--
INFO: Run Behavior\WriteHtmlCacheBehavior [ RunTime:0.000242s ]
INFO: [ view_filter ] --END-- [ RunTime:0.000279s ]
INFO: [ app_end ] --START--
INFO: Run Behavior\ShowPageTraceBehavior [ RunTime:0.000768s ]
INFO: [ app_end ] --END-- [ RunTime:0.000811s ]

[ 2018-06-07T18:21:09+08:00 ] 115.171.225.203 /admin/order/orderlist/grid/datagrid.html
INFO: [ app_begin ] --START--
INFO: Run Behavior\ReadHtmlCacheBehavior [ RunTime:0.001026s ]
INFO: Run Common\Behavior\SettingBehavior [ RunTime:0.000535s ]
INFO: [ app_begin ] --END-- [ RunTime:0.002375s ]
SQL: SHOW COLUMNS FROM `log` [ RunTime:0.0183s ]
SQL: INSERT INTO `log` (`username`,`userid`,`controller`,`action`,`querystring`,`time`,`ip`) VALUES ('Super','1','Order','orderlist','array (
  \'GET\' => 
  array (
    \'grid\' => \'datagrid\',
  ),
  \'POST\' => 
  array (
    \'page\' => \'1\',
    \'rows\' => \'20\',
  ),
)','2018-06-07 18-21-09','115.171.225.203') [ RunTime:0.0180s ]
SQL: SHOW COLUMNS FROM `orders` [ RunTime:0.0183s ]
SQL: SELECT COUNT(*) AS tp_count FROM `orders` LIMIT 1   [ RunTime:0.0176s ]
NOTIC: [8] Undefined variable: id /home/bjlongxingtang1b3jkl1oan2g9x6ixnjgktiatn3g/wwwroot/Admin/Controller/OrderController.class.php 第 49 行.
SQL: SELECT * FROM `orders` ORDER BY `create_time` desc LIMIT 0,20   [ RunTime:0.0187s ]
SQL: SHOW COLUMNS FROM `charge` [ RunTime:0.0182s ]
SQL: SELECT * FROM `charge`  [ RunTime:0.0181s ]
NOTIC: [8] Undefined variable: id /home/bjlongxingtang1b3jkl1oan2g9x6ixnjgktiatn3g/wwwroot/Admin/Controller/OrderController.class.php 第 68 行.

[ 2018-06-07T18:21:10+08:00 ] 115.171.225.203 /admin/order/reorderlist/grid/datagrid.html
INFO: [ app_begin ] --START--
INFO: Run Behavior\ReadHtmlCacheBehavior [ RunTime:0.001053s ]
INFO: Run Common\Behavior\SettingBehavior [ RunTime:0.000705s ]
INFO: [ app_begin ] --END-- [ RunTime:0.002529s ]
SQL: SHOW COLUMNS FROM `log` [ RunTime:0.0185s ]
SQL: INSERT INTO `log` (`username`,`userid`,`controller`,`action`,`querystring`,`time`,`ip`) VALUES ('Super','1','Order','reorderlist','array (
  \'GET\' => 
  array (
    \'grid\' => \'datagrid\',
  ),
  \'POST\' => 
  array (
    \'page\' => \'1\',
    \'rows\' => \'20\',
  ),
)','2018-06-07 18-21-09','115.171.225.203') [ RunTime:0.0179s ]
SQL: SHOW COLUMNS FROM `refund_orders` [ RunTime:0.0186s ]
SQL: SHOW COLUMNS FROM `users` [ RunTime:0.0186s ]
SQL: SELECT * FROM `users`  [ RunTime:0.0183s ]
SQL: SHOW COLUMNS FROM `orders` [ RunTime:0.0182s ]
SQL: SELECT * FROM `orders`  [ RunTime:0.0194s ]
SQL: SELECT COUNT(*) AS tp_count FROM `refund_orders` LIMIT 1   [ RunTime:0.0178s ]
NOTIC: [8] Undefined variable: id /home/bjlongxingtang1b3jkl1oan2g9x6ixnjgktiatn3g/wwwroot/Admin/Controller/OrderController.class.php 第 121 行.
SQL: SELECT * FROM `refund_orders` ORDER BY `create_time` desc LIMIT 0,20   [ RunTime:0.0181s ]
NOTIC: [8] Undefined variable: id /home/bjlongxingtang1b3jkl1oan2g9x6ixnjgktiatn3g/wwwroot/Admin/Controller/OrderController.class.php 第 143 行.

[ 2018-06-07T18:21:10+08:00 ] 115.171.225.203 /admin/order/orderlist/menuid/79.html?_=1528361847148
INFO: [ app_begin ] --START--
INFO: Run Behavior\ReadHtmlCacheBehavior [ RunTime:0.000738s ]
INFO: Run Common\Behavior\SettingBehavior [ RunTime:0.000537s ]
INFO: [ app_begin ] --END-- [ RunTime:0.001837s ]
SQL: SHOW COLUMNS FROM `log` [ RunTime:0.0166s ]
SQL: INSERT INTO `log` (`username`,`userid`,`controller`,`action`,`querystring`,`time`,`ip`) VALUES ('Super','1','Order','orderlist','array (
  \'GET\' => 
  array (
    \'menuid\' => \'79\',
    \'_\' => \'1528361847148\',
  ),
)','2018-06-07 18-21-10','115.171.225.203') [ RunTime:0.0160s ]
SQL: SHOW COLUMNS FROM `menu` [ RunTime:0.0168s ]
SQL: SELECT * FROM `menu` WHERE `id` = 79 LIMIT 1   [ RunTime:0.0182s ]
SQL: SELECT * FROM `menu` WHERE `id` = 75 LIMIT 1   [ RunTime:0.0160s ]
SQL: SELECT * FROM `menu` WHERE `id` = 63 LIMIT 1   [ RunTime:0.0161s ]
SQL: SELECT * FROM `menu` WHERE `parentid` = 79 AND `display` = 1 AND `toolbar` = 1 ORDER BY listorder ASC LIMIT 1000   [ RunTime:0.0163s ]
INFO: [ view_parse ] --START--
INFO: [ template_filter ] --START--
INFO: Run Behavior\ContentReplaceBehavior [ RunTime:0.000078s ]
INFO: [ template_filter ] --END-- [ RunTime:0.000141s ]
INFO: Run Behavior\ParseTemplateBehavior [ RunTime:0.014923s ]
INFO: [ view_parse ] --END-- [ RunTime:0.014976s ]
INFO: [ view_filter ] --START--
INFO: Run Behavior\WriteHtmlCacheBehavior [ RunTime:0.000307s ]
INFO: [ view_filter ] --END-- [ RunTime:0.000342s ]
INFO: [ app_end ] --START--
INFO: Run Behavior\ShowPageTraceBehavior [ RunTime:0.000948s ]
INFO: [ app_end ] --END-- [ RunTime:0.000989s ]

[ 2018-06-07T18:21:11+08:00 ] 115.171.225.203 /admin/order/orderlist/grid/datagrid.html
INFO: [ app_begin ] --START--
INFO: Run Behavior\ReadHtmlCacheBehavior [ RunTime:0.000701s ]
INFO: Run Common\Behavior\SettingBehavior [ RunTime:0.000463s ]
INFO: [ app_begin ] --END-- [ RunTime:0.001698s ]
SQL: SHOW COLUMNS FROM `log` [ RunTime:0.0269s ]
SQL: INSERT INTO `log` (`username`,`userid`,`controller`,`action`,`querystring`,`time`,`ip`) VALUES ('Super','1','Order','orderlist','array (
  \'GET\' => 
  array (
    \'grid\' => \'datagrid\',
  ),
  \'POST\' => 
  array (
    \'page\' => \'1\',
    \'rows\' => \'20\',
  ),
)','2018-06-07 18-21-10','115.171.225.203') [ RunTime:0.0281s ]
SQL: SHOW COLUMNS FROM `orders` [ RunTime:0.0270s ]
SQL: SELECT COUNT(*) AS tp_count FROM `orders` LIMIT 1   [ RunTime:0.0260s ]
NOTIC: [8] Undefined variable: id /home/bjlongxingtang1b3jkl1oan2g9x6ixnjgktiatn3g/wwwroot/Admin/Controller/OrderController.class.php 第 49 行.
SQL: SELECT * FROM `orders` ORDER BY `create_time` desc LIMIT 0,20   [ RunTime:0.0263s ]
SQL: SHOW COLUMNS FROM `charge` [ RunTime:0.0267s ]
SQL: SELECT * FROM `charge`  [ RunTime:0.0261s ]
NOTIC: [8] Undefined variable: id /home/bjlongxingtang1b3jkl1oan2g9x6ixnjgktiatn3g/wwwroot/Admin/Controller/OrderController.class.php 第 68 行.

[ 2018-06-07T18:21:21+08:00 ] 115.171.225.203 /admin/index/public_sessionlife.html
INFO: [ app_begin ] --START--
INFO: Run Behavior\ReadHtmlCacheBehavior [ RunTime:0.000701s ]
INFO: Run Common\Behavior\SettingBehavior [ RunTime:0.000493s ]
INFO: [ app_begin ] --END-- [ RunTime:0.001802s ]

[ 2018-06-07T18:21:36+08:00 ] 115.171.225.203 /admin/index/public_sessionlife.html
INFO: [ app_begin ] --START--
INFO: Run Behavior\ReadHtmlCacheBehavior [ RunTime:0.000688s ]
INFO: Run Common\Behavior\SettingBehavior [ RunTime:0.000486s ]
INFO: [ app_begin ] --END-- [ RunTime:0.001718s ]

[ 2018-06-07T18:21:51+08:00 ] 115.171.225.203 /admin/index/public_sessionlife.html
INFO: [ app_begin ] --START--
INFO: Run Behavior\ReadHtmlCacheBehavior [ RunTime:0.000723s ]
INFO: Run Common\Behavior\SettingBehavior [ RunTime:0.000515s ]
INFO: [ app_begin ] --END-- [ RunTime:0.001762s ]

[ 2018-06-07T18:22:06+08:00 ] 115.171.225.203 /admin/index/public_sessionlife.html
INFO: [ app_begin ] --START--
INFO: Run Behavior\ReadHtmlCacheBehavior [ RunTime:0.000824s ]
INFO: Run Common\Behavior\SettingBehavior [ RunTime:0.000828s ]
INFO: [ app_begin ] --END-- [ RunTime:0.002348s ]

[ 2018-06-07T18:22:21+08:00 ] 115.171.225.203 /admin/index/public_sessionlife.html
INFO: [ app_begin ] --START--
INFO: Run Behavior\ReadHtmlCacheBehavior [ RunTime:0.000707s ]
INFO: Run Common\Behavior\SettingBehavior [ RunTime:0.000478s ]
INFO: [ app_begin ] --END-- [ RunTime:0.001704s ]

[ 2018-06-07T18:22:24+08:00 ] 115.171.225.203 /admin/order/reorderlist/menuid/80.html?_=1528361847149
INFO: [ app_begin ] --START--
INFO: Run Behavior\ReadHtmlCacheBehavior [ RunTime:0.001050s ]
INFO: Run Common\Behavior\SettingBehavior [ RunTime:0.000665s ]
INFO: [ app_begin ] --END-- [ RunTime:0.002492s ]
SQL: SHOW COLUMNS FROM `log` [ RunTime:0.0268s ]
SQL: INSERT INTO `log` (`username`,`userid`,`controller`,`action`,`querystring`,`time`,`ip`) VALUES ('Super','1','Order','reorderlist','array (
  \'GET\' => 
  array (
    \'menuid\' => \'80\',
    \'_\' => \'1528361847149\',
  ),
)','2018-06-07 18-22-23','115.171.225.203') [ RunTime:0.0265s ]
SQL: SHOW COLUMNS FROM `menu` [ RunTime:0.0261s ]
SQL: SELECT * FROM `menu` WHERE `id` = 80 LIMIT 1   [ RunTime:0.0260s ]
SQL: SELECT * FROM `menu` WHERE `id` = 75 LIMIT 1   [ RunTime:0.0261s ]
SQL: SELECT * FROM `menu` WHERE `id` = 63 LIMIT 1   [ RunTime:0.0257s ]
SQL: SELECT * FROM `menu` WHERE `parentid` = 80 AND `display` = 1 AND `toolbar` = 1 ORDER BY listorder ASC LIMIT 1000   [ RunTime:0.0258s ]
INFO: [ view_parse ] --START--
INFO: [ template_filter ] --START--
INFO: Run Behavior\ContentReplaceBehavior [ RunTime:0.000059s ]
INFO: [ template_filter ] --END-- [ RunTime:0.000118s ]
INFO: Run Behavior\ParseTemplateBehavior [ RunTime:0.011450s ]
INFO: [ view_parse ] --END-- [ RunTime:0.011512s ]
INFO: [ view_filter ] --START--
INFO: Run Behavior\WriteHtmlCacheBehavior [ RunTime:0.000332s ]
INFO: [ view_filter ] --END-- [ RunTime:0.000371s ]
INFO: [ app_end ] --START--
INFO: Run Behavior\ShowPageTraceBehavior [ RunTime:0.000851s ]
INFO: [ app_end ] --END-- [ RunTime:0.000894s ]

[ 2018-06-07T18:22:24+08:00 ] 115.171.225.203 /admin/order/reorderlist/grid/datagrid.html
INFO: [ app_begin ] --START--
INFO: Run Behavior\ReadHtmlCacheBehavior [ RunTime:0.000739s ]
INFO: Run Common\Behavior\SettingBehavior [ RunTime:0.000490s ]
INFO: [ app_begin ] --END-- [ RunTime:0.001766s ]
SQL: SHOW COLUMNS FROM `log` [ RunTime:0.0195s ]
SQL: INSERT INTO `log` (`username`,`userid`,`controller`,`action`,`querystring`,`time`,`ip`) VALUES ('Super','1','Order','reorderlist','array (
  \'GET\' => 
  array (
    \'grid\' => \'datagrid\',
  ),
  \'POST\' => 
  array (
    \'page\' => \'1\',
    \'rows\' => \'20\',
  ),
)','2018-06-07 18-22-24','115.171.225.203') [ RunTime:0.0202s ]
SQL: SHOW COLUMNS FROM `refund_orders` [ RunTime:0.0176s ]
SQL: SHOW COLUMNS FROM `users` [ RunTime:0.0182s ]
SQL: SELECT * FROM `users`  [ RunTime:0.0171s ]
SQL: SHOW COLUMNS FROM `orders` [ RunTime:0.0169s ]
SQL: SELECT * FROM `orders`  [ RunTime:0.0166s ]
SQL: SELECT COUNT(*) AS tp_count FROM `refund_orders` LIMIT 1   [ RunTime:0.0164s ]
NOTIC: [8] Undefined variable: id /home/bjlongxingtang1b3jkl1oan2g9x6ixnjgktiatn3g/wwwroot/Admin/Controller/OrderController.class.php 第 121 行.
SQL: SELECT * FROM `refund_orders` ORDER BY `create_time` desc LIMIT 0,20   [ RunTime:0.0165s ]
NOTIC: [8] Undefined variable: id /home/bjlongxingtang1b3jkl1oan2g9x6ixnjgktiatn3g/wwwroot/Admin/Controller/OrderController.class.php 第 143 行.

[ 2018-06-07T18:22:36+08:00 ] 115.171.225.203 /admin/index/public_sessionlife.html
INFO: [ app_begin ] --START--
INFO: Run Behavior\ReadHtmlCacheBehavior [ RunTime:0.000706s ]
INFO: Run Common\Behavior\SettingBehavior [ RunTime:0.000501s ]
INFO: [ app_begin ] --END-- [ RunTime:0.001704s ]

[ 2018-06-07T18:22:51+08:00 ] 115.171.225.203 /admin/index/public_sessionlife.html
INFO: [ app_begin ] --START--
INFO: Run Behavior\ReadHtmlCacheBehavior [ RunTime:0.000683s ]
INFO: Run Common\Behavior\SettingBehavior [ RunTime:0.000490s ]
INFO: [ app_begin ] --END-- [ RunTime:0.001709s ]

[ 2018-06-07T18:23:06+08:00 ] 115.171.225.203 /admin/index/public_sessionlife.html
INFO: [ app_begin ] --START--
INFO: Run Behavior\ReadHtmlCacheBehavior [ RunTime:0.000903s ]
INFO: Run Common\Behavior\SettingBehavior [ RunTime:0.000594s ]
INFO: [ app_begin ] --END-- [ RunTime:0.002195s ]

[ 2018-06-07T18:23:21+08:00 ] 115.171.225.203 /admin/index/public_sessionlife.html
INFO: [ app_begin ] --START--
INFO: Run Behavior\ReadHtmlCacheBehavior [ RunTime:0.000706s ]
INFO: Run Common\Behavior\SettingBehavior [ RunTime:0.000454s ]
INFO: [ app_begin ] --END-- [ RunTime:0.001690s ]

[ 2018-06-07T18:23:36+08:00 ] 115.171.225.203 /admin/index/public_sessionlife.html
INFO: [ app_begin ] --START--
INFO: Run Behavior\ReadHtmlCacheBehavior [ RunTime:0.001041s ]
INFO: Run Common\Behavior\SettingBehavior [ RunTime:0.000686s ]
INFO: [ app_begin ] --END-- [ RunTime:0.002497s ]

[ 2018-06-07T18:23:44+08:00 ] 115.171.225.203 /admin/cduser/cduser/menuid/100.html?_=1528361847150
INFO: [ app_begin ] --START--
INFO: Run Behavior\ReadHtmlCacheBehavior [ RunTime:0.000731s ]
INFO: Run Common\Behavior\SettingBehavior [ RunTime:0.000587s ]
INFO: [ app_begin ] --END-- [ RunTime:0.001869s ]
SQL: SHOW COLUMNS FROM `log` [ RunTime:0.0181s ]
SQL: INSERT INTO `log` (`username`,`userid`,`controller`,`action`,`querystring`,`time`,`ip`) VALUES ('Super','1','Cduser','cduser','array (
  \'GET\' => 
  array (
    \'menuid\' => \'100\',
    \'_\' => \'1528361847150\',
  ),
)','2018-06-07 18-23-44','115.171.225.203') [ RunTime:0.0173s ]
SQL: SHOW COLUMNS FROM `menu` [ RunTime:0.0175s ]
SQL: SELECT * FROM `menu` WHERE `id` = 100 LIMIT 1   [ RunTime:0.0173s ]
SQL: SELECT * FROM `menu` WHERE `id` = 76 LIMIT 1   [ RunTime:0.0172s ]
SQL: SELECT * FROM `menu` WHERE `id` = 63 LIMIT 1   [ RunTime:0.0172s ]
SQL: SELECT * FROM `menu` WHERE `parentid` = 100 AND `display` = 1 AND `toolbar` = 1 ORDER BY listorder ASC LIMIT 1000   [ RunTime:0.0174s ]
INFO: [ view_parse ] --START--
INFO: [ template_filter ] --START--
INFO: Run Behavior\ContentReplaceBehavior [ RunTime:0.000087s ]
INFO: [ template_filter ] --END-- [ RunTime:0.000203s ]
INFO: Run Behavior\ParseTemplateBehavior [ RunTime:0.018789s ]
INFO: [ view_parse ] --END-- [ RunTime:0.018856s ]
INFO: [ view_filter ] --START--
INFO: Run Behavior\WriteHtmlCacheBehavior [ RunTime:0.000434s ]
INFO: [ view_filter ] --END-- [ RunTime:0.000488s ]
INFO: [ app_end ] --START--
INFO: Run Behavior\ShowPageTraceBehavior [ RunTime:0.001062s ]
INFO: [ app_end ] --END-- [ RunTime:0.001121s ]

[ 2018-06-07T18:23:45+08:00 ] 115.171.225.203 /admin/cduser/cduser/grid/datagrid.html
INFO: [ app_begin ] --START--
INFO: Run Behavior\ReadHtmlCacheBehavior [ RunTime:0.001064s ]
INFO: Run Common\Behavior\SettingBehavior [ RunTime:0.000706s ]
INFO: [ app_begin ] --END-- [ RunTime:0.002514s ]
SQL: SHOW COLUMNS FROM `log` [ RunTime:0.0253s ]
SQL: INSERT INTO `log` (`username`,`userid`,`controller`,`action`,`querystring`,`time`,`ip`) VALUES ('Super','1','Cduser','cduser','array (
  \'GET\' => 
  array (
    \'grid\' => \'datagrid\',
  ),
  \'POST\' => 
  array (
    \'page\' => \'1\',
    \'rows\' => \'20\',
  ),
)','2018-06-07 18-23-44','115.171.225.203') [ RunTime:0.0248s ]
SQL: SHOW COLUMNS FROM `users` [ RunTime:0.0251s ]
SQL: SELECT COUNT(*) AS tp_count FROM `users` WHERE ( 1 ) LIMIT 1   [ RunTime:0.0245s ]
NOTIC: [8] Undefined variable: id /home/bjlongxingtang1b3jkl1oan2g9x6ixnjgktiatn3g/wwwroot/Admin/Controller/CduserController.class.php 第 50 行.
SQL: SELECT * FROM `users` WHERE ( 1 ) ORDER BY `creation_time` desc LIMIT 0,20   [ RunTime:0.0261s ]
NOTIC: [8] iconv(): Detected an illegal character in input string /home/bjlongxingtang1b3jkl1oan2g9x6ixnjgktiatn3g/wwwroot/Admin/Common/function.php 第 242 行.
NOTIC: [8] Undefined variable: id /home/bjlongxingtang1b3jkl1oan2g9x6ixnjgktiatn3g/wwwroot/Admin/Controller/CduserController.class.php 第 60 行.

[ 2018-06-07T18:23:51+08:00 ] 115.171.225.203 /admin/index/public_sessionlife.html
INFO: [ app_begin ] --START--
INFO: Run Behavior\ReadHtmlCacheBehavior [ RunTime:0.000702s ]
INFO: Run Common\Behavior\SettingBehavior [ RunTime:0.000458s ]
INFO: [ app_begin ] --END-- [ RunTime:0.001653s ]

[ 2018-06-07T18:23:57+08:00 ] 115.171.225.203 /admin/cduser/cduser/grid/datagrid.html
INFO: [ app_begin ] --START--
INFO: Run Behavior\ReadHtmlCacheBehavior [ RunTime:0.000658s ]
INFO: Run Common\Behavior\SettingBehavior [ RunTime:0.000499s ]
INFO: [ app_begin ] --END-- [ RunTime:0.001689s ]
SQL: SHOW COLUMNS FROM `log` [ RunTime:0.0272s ]
SQL: INSERT INTO `log` (`username`,`userid`,`controller`,`action`,`querystring`,`time`,`ip`) VALUES ('Super','1','Cduser','cduser','array (
  \'GET\' => 
  array (
    \'grid\' => \'datagrid\',
  ),
  \'POST\' => 
  array (
    \'search\' => 
    array (
      \'user_name\' => \'lina\',
    ),
    \'page\' => \'1\',
    \'rows\' => \'20\',
  ),
)','2018-06-07 18-23-57','115.171.225.203') [ RunTime:0.0267s ]
SQL: SHOW COLUMNS FROM `users` [ RunTime:0.0272s ]
SQL: SELECT COUNT(*) AS tp_count FROM `users` WHERE ( 1 and `user_name` like '%\u6c0\u690\u6e0\u610%' ) LIMIT 1   [ RunTime:0.0282s ]
NOTIC: [8] Undefined variable: id /home/bjlongxingtang1b3jkl1oan2g9x6ixnjgktiatn3g/wwwroot/Admin/Controller/CduserController.class.php 第 50 行.
NOTIC: [8] Undefined variable: id /home/bjlongxingtang1b3jkl1oan2g9x6ixnjgktiatn3g/wwwroot/Admin/Controller/CduserController.class.php 第 60 行.

[ 2018-06-07T18:24:02+08:00 ] 115.171.225.203 /admin/order/reorderlist/menuid/80.html?_=1528361847151
INFO: [ app_begin ] --START--
INFO: Run Behavior\ReadHtmlCacheBehavior [ RunTime:0.000694s ]
INFO: Run Common\Behavior\SettingBehavior [ RunTime:0.000475s ]
INFO: [ app_begin ] --END-- [ RunTime:0.001675s ]
SQL: SHOW COLUMNS FROM `log` [ RunTime:0.0286s ]
SQL: INSERT INTO `log` (`username`,`userid`,`controller`,`action`,`querystring`,`time`,`ip`) VALUES ('Super','1','Order','reorderlist','array (
  \'GET\' => 
  array (
    \'menuid\' => \'80\',
    \'_\' => \'1528361847151\',
  ),
)','2018-06-07 18-24-02','115.171.225.203') [ RunTime:0.0259s ]
SQL: SHOW COLUMNS FROM `menu` [ RunTime:0.0272s ]
SQL: SELECT * FROM `menu` WHERE `id` = 80 LIMIT 1   [ RunTime:0.0263s ]
SQL: SELECT * FROM `menu` WHERE `id` = 75 LIMIT 1   [ RunTime:0.0261s ]
SQL: SELECT * FROM `menu` WHERE `id` = 63 LIMIT 1   [ RunTime:0.0261s ]
SQL: SELECT * FROM `menu` WHERE `parentid` = 80 AND `display` = 1 AND `toolbar` = 1 ORDER BY listorder ASC LIMIT 1000   [ RunTime:0.0292s ]
INFO: [ view_parse ] --START--
INFO: [ template_filter ] --START--
INFO: Run Behavior\ContentReplaceBehavior [ RunTime:0.000061s ]
INFO: [ template_filter ] --END-- [ RunTime:0.000146s ]
INFO: Run Behavior\ParseTemplateBehavior [ RunTime:0.012842s ]
INFO: [ view_parse ] --END-- [ RunTime:0.012886s ]
INFO: [ view_filter ] --START--
INFO: Run Behavior\WriteHtmlCacheBehavior [ RunTime:0.000406s ]
INFO: [ view_filter ] --END-- [ RunTime:0.000455s ]
INFO: [ app_end ] --START--
INFO: Run Behavior\ShowPageTraceBehavior [ RunTime:0.000786s ]
INFO: [ app_end ] --END-- [ RunTime:0.000829s ]

[ 2018-06-07T18:24:03+08:00 ] 115.171.225.203 /admin/cduser/cduser/menuid/100.html?_=1528361847152
INFO: [ app_begin ] --START--
INFO: Run Behavior\ReadHtmlCacheBehavior [ RunTime:0.000859s ]
INFO: Run Common\Behavior\SettingBehavior [ RunTime:0.000501s ]
INFO: [ app_begin ] --END-- [ RunTime:0.002025s ]
SQL: SHOW COLUMNS FROM `log` [ RunTime:0.0184s ]
SQL: INSERT INTO `log` (`username`,`userid`,`controller`,`action`,`querystring`,`time`,`ip`) VALUES ('Super','1','Cduser','cduser','array (
  \'GET\' => 
  array (
    \'menuid\' => \'100\',
    \'_\' => \'1528361847152\',
  ),
)','2018-06-07 18-24-02','115.171.225.203') [ RunTime:0.0176s ]
SQL: SHOW COLUMNS FROM `menu` [ RunTime:0.0178s ]
SQL: SELECT * FROM `menu` WHERE `id` = 100 LIMIT 1   [ RunTime:0.0178s ]
SQL: SELECT * FROM `menu` WHERE `id` = 76 LIMIT 1   [ RunTime:0.0179s ]
SQL: SELECT * FROM `menu` WHERE `id` = 63 LIMIT 1   [ RunTime:0.0176s ]
SQL: SELECT * FROM `menu` WHERE `parentid` = 100 AND `display` = 1 AND `toolbar` = 1 ORDER BY listorder ASC LIMIT 1000   [ RunTime:0.0194s ]
INFO: [ view_parse ] --START--
INFO: [ template_filter ] --START--
INFO: Run Behavior\ContentReplaceBehavior [ RunTime:0.000084s ]
INFO: [ template_filter ] --END-- [ RunTime:0.000164s ]
INFO: Run Behavior\ParseTemplateBehavior [ RunTime:0.013979s ]
INFO: [ view_parse ] --END-- [ RunTime:0.014055s ]
INFO: [ view_filter ] --START--
INFO: Run Behavior\WriteHtmlCacheBehavior [ RunTime:0.000540s ]
INFO: [ view_filter ] --END-- [ RunTime:0.000604s ]
INFO: [ app_end ] --START--
INFO: Run Behavior\ShowPageTraceBehavior [ RunTime:0.002042s ]
INFO: [ app_end ] --END-- [ RunTime:0.002113s ]

[ 2018-06-07T18:24:03+08:00 ] 115.171.225.203 /admin/order/reorderlist/grid/datagrid.html
INFO: [ app_begin ] --START--
INFO: Run Behavior\ReadHtmlCacheBehavior [ RunTime:0.000969s ]
INFO: Run Common\Behavior\SettingBehavior [ RunTime:0.000646s ]
INFO: [ app_begin ] --END-- [ RunTime:0.002206s ]
SQL: SHOW COLUMNS FROM `log` [ RunTime:0.0193s ]
SQL: INSERT INTO `log` (`username`,`userid`,`controller`,`action`,`querystring`,`time`,`ip`) VALUES ('Super','1','Order','reorderlist','array (
  \'GET\' => 
  array (
    \'grid\' => \'datagrid\',
  ),
  \'POST\' => 
  array (
    \'page\' => \'1\',
    \'rows\' => \'20\',
  ),
)','2018-06-07 18-24-03','115.171.225.203') [ RunTime:0.0174s ]
SQL: SHOW COLUMNS FROM `refund_orders` [ RunTime:0.0177s ]
SQL: SHOW COLUMNS FROM `users` [ RunTime:0.0175s ]
SQL: SELECT * FROM `users`  [ RunTime:0.0180s ]
SQL: SHOW COLUMNS FROM `orders` [ RunTime:0.0175s ]
SQL: SELECT * FROM `orders`  [ RunTime:0.0177s ]
SQL: SELECT COUNT(*) AS tp_count FROM `refund_orders` LIMIT 1   [ RunTime:0.0202s ]
NOTIC: [8] Undefined variable: id /home/bjlongxingtang1b3jkl1oan2g9x6ixnjgktiatn3g/wwwroot/Admin/Controller/OrderController.class.php 第 121 行.
SQL: SELECT * FROM `refund_orders` ORDER BY `create_time` desc LIMIT 0,20   [ RunTime:0.0173s ]
NOTIC: [8] Undefined variable: id /home/bjlongxingtang1b3jkl1oan2g9x6ixnjgktiatn3g/wwwroot/Admin/Controller/OrderController.class.php 第 143 行.

[ 2018-06-07T18:24:03+08:00 ] 115.171.225.203 /admin/cduser/cduser/grid/datagrid.html
INFO: [ app_begin ] --START--
INFO: Run Behavior\ReadHtmlCacheBehavior [ RunTime:0.000676s ]
INFO: Run Common\Behavior\SettingBehavior [ RunTime:0.000557s ]
INFO: [ app_begin ] --END-- [ RunTime:0.001773s ]
SQL: SHOW COLUMNS FROM `log` [ RunTime:0.0281s ]
SQL: INSERT INTO `log` (`username`,`userid`,`controller`,`action`,`querystring`,`time`,`ip`) VALUES ('Super','1','Cduser','cduser','array (
  \'GET\' => 
  array (
    \'grid\' => \'datagrid\',
  ),
  \'POST\' => 
  array (
    \'page\' => \'1\',
    \'rows\' => \'20\',
  ),
)','2018-06-07 18-24-03','115.171.225.203') [ RunTime:0.0305s ]
SQL: SHOW COLUMNS FROM `users` [ RunTime:0.0275s ]
SQL: SELECT COUNT(*) AS tp_count FROM `users` WHERE ( 1 ) LIMIT 1   [ RunTime:0.0293s ]
NOTIC: [8] Undefined variable: id /home/bjlongxingtang1b3jkl1oan2g9x6ixnjgktiatn3g/wwwroot/Admin/Controller/CduserController.class.php 第 50 行.
SQL: SELECT * FROM `users` WHERE ( 1 ) ORDER BY `creation_time` desc LIMIT 0,20   [ RunTime:0.0273s ]
NOTIC: [8] iconv(): Detected an illegal character in input string /home/bjlongxingtang1b3jkl1oan2g9x6ixnjgktiatn3g/wwwroot/Admin/Common/function.php 第 242 行.
NOTIC: [8] Undefined variable: id /home/bjlongxingtang1b3jkl1oan2g9x6ixnjgktiatn3g/wwwroot/Admin/Controller/CduserController.class.php 第 60 行.

[ 2018-06-07T18:24:06+08:00 ] 115.171.225.203 /admin/index/public_sessionlife.html
INFO: [ app_begin ] --START--
INFO: Run Behavior\ReadHtmlCacheBehavior [ RunTime:0.000737s ]
INFO: Run Common\Behavior\SettingBehavior [ RunTime:0.000511s ]
INFO: [ app_begin ] --END-- [ RunTime:0.001811s ]

[ 2018-06-07T18:24:21+08:00 ] 115.171.225.203 /admin/index/public_sessionlife.html
INFO: [ app_begin ] --START--
INFO: Run Behavior\ReadHtmlCacheBehavior [ RunTime:0.000685s ]
INFO: Run Common\Behavior\SettingBehavior [ RunTime:0.000503s ]
INFO: [ app_begin ] --END-- [ RunTime:0.001721s ]

[ 2018-06-07T18:24:36+08:00 ] 115.171.225.203 /admin/index/public_sessionlife.html
INFO: [ app_begin ] --START--
INFO: Run Behavior\ReadHtmlCacheBehavior [ RunTime:0.000818s ]
INFO: Run Common\Behavior\SettingBehavior [ RunTime:0.000516s ]
INFO: [ app_begin ] --END-- [ RunTime:0.001874s ]

[ 2018-06-07T18:24:51+08:00 ] 115.171.225.203 /admin/index/public_sessionlife.html
INFO: [ app_begin ] --START--
INFO: Run Behavior\ReadHtmlCacheBehavior [ RunTime:0.000729s ]
INFO: Run Common\Behavior\SettingBehavior [ RunTime:0.000464s ]
INFO: [ app_begin ] --END-- [ RunTime:0.001689s ]

[ 2018-06-07T18:25:06+08:00 ] 115.171.225.203 /admin/index/public_sessionlife.html
INFO: [ app_begin ] --START--
INFO: Run Behavior\ReadHtmlCacheBehavior [ RunTime:0.000704s ]
INFO: Run Common\Behavior\SettingBehavior [ RunTime:0.000447s ]
INFO: [ app_begin ] --END-- [ RunTime:0.001650s ]

[ 2018-06-07T18:25:21+08:00 ] 115.171.225.203 /admin/index/public_sessionlife.html
INFO: [ app_begin ] --START--
INFO: Run Behavior\ReadHtmlCacheBehavior [ RunTime:0.000713s ]
INFO: Run Common\Behavior\SettingBehavior [ RunTime:0.000529s ]
INFO: [ app_begin ] --END-- [ RunTime:0.001815s ]

[ 2018-06-07T18:25:36+08:00 ] 115.171.225.203 /admin/index/public_sessionlife.html
INFO: [ app_begin ] --START--
INFO: Run Behavior\ReadHtmlCacheBehavior [ RunTime:0.000776s ]
INFO: Run Common\Behavior\SettingBehavior [ RunTime:0.000629s ]
INFO: [ app_begin ] --END-- [ RunTime:0.001989s ]

[ 2018-06-07T18:25:40+08:00 ] 115.171.225.203 /admin/fault/index/menuid/87.html?_=1528361847153
INFO: [ app_begin ] --START--
INFO: Run Behavior\ReadHtmlCacheBehavior [ RunTime:0.000731s ]
INFO: Run Common\Behavior\SettingBehavior [ RunTime:0.000547s ]
INFO: [ app_begin ] --END-- [ RunTime:0.001791s ]
SQL: SHOW COLUMNS FROM `log` [ RunTime:0.0185s ]
SQL: INSERT INTO `log` (`username`,`userid`,`controller`,`action`,`querystring`,`time`,`ip`) VALUES ('Super','1','Fault','index','array (
  \'GET\' => 
  array (
    \'menuid\' => \'87\',
    \'_\' => \'1528361847153\',
  ),
)','2018-06-07 18-25-40','115.171.225.203') [ RunTime:0.0187s ]
SQL: SHOW COLUMNS FROM `menu` [ RunTime:0.0241s ]
SQL: SELECT * FROM `menu` WHERE `id` = 87 LIMIT 1   [ RunTime:0.0175s ]
SQL: SELECT * FROM `menu` WHERE `id` = 77 LIMIT 1   [ RunTime:0.0180s ]
SQL: SELECT * FROM `menu` WHERE `id` = 63 LIMIT 1   [ RunTime:0.0248s ]
SQL: SELECT * FROM `menu` WHERE `parentid` = 87 AND `display` = 1 AND `toolbar` = 1 ORDER BY listorder ASC LIMIT 1000   [ RunTime:0.0178s ]
INFO: [ view_parse ] --START--
INFO: [ template_filter ] --START--
INFO: Run Behavior\ContentReplaceBehavior [ RunTime:0.000082s ]
INFO: [ template_filter ] --END-- [ RunTime:0.000146s ]
INFO: Run Behavior\ParseTemplateBehavior [ RunTime:0.011612s ]
INFO: [ view_parse ] --END-- [ RunTime:0.011658s ]
INFO: [ view_filter ] --START--
INFO: Run Behavior\WriteHtmlCacheBehavior [ RunTime:0.000320s ]
INFO: [ view_filter ] --END-- [ RunTime:0.000358s ]
INFO: [ app_end ] --START--
INFO: Run Behavior\ShowPageTraceBehavior [ RunTime:0.000878s ]
INFO: [ app_end ] --END-- [ RunTime:0.000926s ]

[ 2018-06-07T18:25:40+08:00 ] 115.171.225.203 /admin/fault/index/grid/datagrid.html
INFO: [ app_begin ] --START--
INFO: Run Behavior\ReadHtmlCacheBehavior [ RunTime:0.000699s ]
INFO: Run Common\Behavior\SettingBehavior [ RunTime:0.000445s ]
INFO: [ app_begin ] --END-- [ RunTime:0.001663s ]
SQL: SHOW COLUMNS FROM `log` [ RunTime:0.0203s ]
SQL: INSERT INTO `log` (`username`,`userid`,`controller`,`action`,`querystring`,`time`,`ip`) VALUES ('Super','1','Fault','index','array (
  \'GET\' => 
  array (
    \'grid\' => \'datagrid\',
  ),
  \'POST\' => 
  array (
    \'page\' => \'1\',
    \'rows\' => \'20\',
  ),
)','2018-06-07 18-25-40','115.171.225.203') [ RunTime:0.0216s ]
SQL: SHOW COLUMNS FROM `fault_log` [ RunTime:0.0192s ]
SQL: SELECT COUNT(*) AS tp_count FROM `fault_log` WHERE ( 1 ) LIMIT 1   [ RunTime:0.0199s ]
NOTIC: [8] Undefined variable: id /home/bjlongxingtang1b3jkl1oan2g9x6ixnjgktiatn3g/wwwroot/Admin/Controller/FaultController.class.php 第 50 行.
SQL: SELECT * FROM `fault_log` WHERE ( 1 ) ORDER BY `add_time` desc LIMIT 0,20   [ RunTime:0.0237s ]
NOTIC: [8] Undefined variable: id /home/bjlongxingtang1b3jkl1oan2g9x6ixnjgktiatn3g/wwwroot/Admin/Controller/FaultController.class.php 第 60 行.

[ 2018-06-07T18:25:51+08:00 ] 115.171.225.203 /admin/index/public_sessionlife.html
INFO: [ app_begin ] --START--
INFO: Run Behavior\ReadHtmlCacheBehavior [ RunTime:0.000830s ]
INFO: Run Common\Behavior\SettingBehavior [ RunTime:0.000497s ]
INFO: [ app_begin ] --END-- [ RunTime:0.001960s ]

[ 2018-06-07T18:26:06+08:00 ] 115.171.225.203 /admin/index/public_sessionlife.html
INFO: [ app_begin ] --START--
INFO: Run Behavior\ReadHtmlCacheBehavior [ RunTime:0.001052s ]
INFO: Run Common\Behavior\SettingBehavior [ RunTime:0.000842s ]
INFO: [ app_begin ] --END-- [ RunTime:0.002917s ]

[ 2018-06-07T18:26:21+08:00 ] 115.171.225.203 /admin/index/public_sessionlife.html
INFO: [ app_begin ] --START--
INFO: Run Behavior\ReadHtmlCacheBehavior [ RunTime:0.000746s ]
INFO: Run Common\Behavior\SettingBehavior [ RunTime:0.000497s ]
INFO: [ app_begin ] --END-- [ RunTime:0.001826s ]

[ 2018-06-07T18:26:36+08:00 ] 115.171.225.203 /admin/index/public_sessionlife.html
INFO: [ app_begin ] --START--
INFO: Run Behavior\ReadHtmlCacheBehavior [ RunTime:0.000712s ]
INFO: Run Common\Behavior\SettingBehavior [ RunTime:0.000493s ]
INFO: [ app_begin ] --END-- [ RunTime:0.001736s ]

[ 2018-06-07T18:26:51+08:00 ] 115.171.225.203 /admin/index/public_sessionlife.html
INFO: [ app_begin ] --START--
INFO: Run Behavior\ReadHtmlCacheBehavior [ RunTime:0.000662s ]
INFO: Run Common\Behavior\SettingBehavior [ RunTime:0.000481s ]
INFO: [ app_begin ] --END-- [ RunTime:0.001677s ]

[ 2018-06-07T18:26:54+08:00 ] 115.171.225.203 /admin/ad/index/menuid/91.html?_=1528361847154
INFO: [ app_begin ] --START--
INFO: Run Behavior\ReadHtmlCacheBehavior [ RunTime:0.000977s ]
INFO: Run Common\Behavior\SettingBehavior [ RunTime:0.000535s ]
INFO: [ app_begin ] --END-- [ RunTime:0.002117s ]
SQL: SHOW COLUMNS FROM `log` [ RunTime:0.0270s ]
SQL: INSERT INTO `log` (`username`,`userid`,`controller`,`action`,`querystring`,`time`,`ip`) VALUES ('Super','1','Ad','index','array (
  \'GET\' => 
  array (
    \'menuid\' => \'91\',
    \'_\' => \'1528361847154\',
  ),
)','2018-06-07 18-26-54','115.171.225.203') [ RunTime:0.0287s ]
SQL: SHOW COLUMNS FROM `menu` [ RunTime:0.0268s ]
SQL: SELECT * FROM `menu` WHERE `id` = 91 LIMIT 1   [ RunTime:0.0268s ]
SQL: SELECT * FROM `menu` WHERE `id` = 78 LIMIT 1   [ RunTime:0.0263s ]
SQL: SELECT * FROM `menu` WHERE `id` = 63 LIMIT 1   [ RunTime:0.0263s ]
SQL: SELECT * FROM `menu` WHERE `parentid` = 91 AND `display` = 1 AND `toolbar` = 1 ORDER BY listorder ASC LIMIT 1000   [ RunTime:0.0265s ]
INFO: [ view_parse ] --START--
INFO: [ template_filter ] --START--
INFO: Run Behavior\ContentReplaceBehavior [ RunTime:0.000078s ]
INFO: [ template_filter ] --END-- [ RunTime:0.000159s ]
INFO: Run Behavior\ParseTemplateBehavior [ RunTime:0.017072s ]
INFO: [ view_parse ] --END-- [ RunTime:0.017144s ]
INFO: [ view_filter ] --START--
INFO: Run Behavior\WriteHtmlCacheBehavior [ RunTime:0.000380s ]
INFO: [ view_filter ] --END-- [ RunTime:0.000418s ]
INFO: [ app_end ] --START--
INFO: Run Behavior\ShowPageTraceBehavior [ RunTime:0.000831s ]
INFO: [ app_end ] --END-- [ RunTime:0.000875s ]

[ 2018-06-07T18:26:55+08:00 ] 115.171.225.203 /admin/ad/index/grid/datagrid.html
INFO: [ app_begin ] --START--
INFO: Run Behavior\ReadHtmlCacheBehavior [ RunTime:0.000815s ]
INFO: Run Common\Behavior\SettingBehavior [ RunTime:0.000610s ]
INFO: [ app_begin ] --END-- [ RunTime:0.002015s ]
SQL: SHOW COLUMNS FROM `log` [ RunTime:0.0182s ]
SQL: INSERT INTO `log` (`username`,`userid`,`controller`,`action`,`querystring`,`time`,`ip`) VALUES ('Super','1','Ad','index','array (
  \'GET\' => 
  array (
    \'grid\' => \'datagrid\',
  ),
  \'POST\' => 
  array (
    \'page\' => \'1\',
    \'rows\' => \'20\',
  ),
)','2018-06-07 18-26-54','115.171.225.203') [ RunTime:0.0178s ]
SQL: SHOW COLUMNS FROM `advert` [ RunTime:0.0184s ]
SQL: SELECT COUNT(*) AS tp_count FROM `advert` LIMIT 1   [ RunTime:0.0187s ]
NOTIC: [8] Undefined variable: id /home/bjlongxingtang1b3jkl1oan2g9x6ixnjgktiatn3g/wwwroot/Admin/Controller/AdController.class.php 第 50 行.
SQL: SELECT * FROM `advert` ORDER BY `sort` desc LIMIT 0,20   [ RunTime:0.0196s ]
NOTIC: [8] Undefined variable: id /home/bjlongxingtang1b3jkl1oan2g9x6ixnjgktiatn3g/wwwroot/Admin/Controller/AdController.class.php 第 61 行.

[ 2018-06-07T18:27:01+08:00 ] 115.171.225.203 /admin/ad/category/menuid/92.html?_=1528361847155
INFO: [ app_begin ] --START--
INFO: Run Behavior\ReadHtmlCacheBehavior [ RunTime:0.000694s ]
INFO: Run Common\Behavior\SettingBehavior [ RunTime:0.000492s ]
INFO: [ app_begin ] --END-- [ RunTime:0.001698s ]
SQL: SHOW COLUMNS FROM `log` [ RunTime:0.0288s ]
SQL: INSERT INTO `log` (`username`,`userid`,`controller`,`action`,`querystring`,`time`,`ip`) VALUES ('Super','1','Ad','category','array (
  \'GET\' => 
  array (
    \'menuid\' => \'92\',
    \'_\' => \'1528361847155\',
  ),
)','2018-06-07 18-27-01','115.171.225.203') [ RunTime:0.0282s ]
SQL: SHOW COLUMNS FROM `menu` [ RunTime:0.0276s ]
SQL: SELECT * FROM `menu` WHERE `id` = 92 LIMIT 1   [ RunTime:0.0276s ]
SQL: SELECT * FROM `menu` WHERE `id` = 78 LIMIT 1   [ RunTime:0.0273s ]
SQL: SELECT * FROM `menu` WHERE `id` = 63 LIMIT 1   [ RunTime:0.0272s ]
SQL: SELECT * FROM `menu` WHERE `parentid` = 92 AND `display` = 1 AND `toolbar` = 1 ORDER BY listorder ASC LIMIT 1000   [ RunTime:0.0281s ]
INFO: [ view_parse ] --START--
INFO: [ template_filter ] --START--
INFO: Run Behavior\ContentReplaceBehavior [ RunTime:0.000079s ]
INFO: [ template_filter ] --END-- [ RunTime:0.000159s ]
INFO: Run Behavior\ParseTemplateBehavior [ RunTime:0.014084s ]
INFO: [ view_parse ] --END-- [ RunTime:0.014173s ]
INFO: [ view_filter ] --START--
INFO: Run Behavior\WriteHtmlCacheBehavior [ RunTime:0.000476s ]
INFO: [ view_filter ] --END-- [ RunTime:0.000537s ]
INFO: [ app_end ] --START--
INFO: Run Behavior\ShowPageTraceBehavior [ RunTime:0.001199s ]
INFO: [ app_end ] --END-- [ RunTime:0.001278s ]

[ 2018-06-07T18:27:01+08:00 ] 115.171.225.203 /admin/ad/category/grid/datagrid.html
INFO: [ app_begin ] --START--
INFO: Run Behavior\ReadHtmlCacheBehavior [ RunTime:0.000728s ]
INFO: Run Common\Behavior\SettingBehavior [ RunTime:0.000495s ]
INFO: [ app_begin ] --END-- [ RunTime:0.001757s ]
SQL: SHOW COLUMNS FROM `log` [ RunTime:0.0180s ]
SQL: INSERT INTO `log` (`username`,`userid`,`controller`,`action`,`querystring`,`time`,`ip`) VALUES ('Super','1','Ad','category','array (
  \'GET\' => 
  array (
    \'grid\' => \'datagrid\',
  ),
  \'POST\' => 
  array (
    \'page\' => \'1\',
    \'rows\' => \'20\',
  ),
)','2018-06-07 18-27-01','115.171.225.203') [ RunTime:0.0177s ]
SQL: SHOW COLUMNS FROM `advert_category` [ RunTime:0.0179s ]
SQL: SELECT COUNT(*) AS tp_count FROM `advert_category` LIMIT 1   [ RunTime:0.0173s ]
NOTIC: [8] Undefined variable: id /home/bjlongxingtang1b3jkl1oan2g9x6ixnjgktiatn3g/wwwroot/Admin/Controller/AdController.class.php 第 113 行.
SQL: SELECT * FROM `advert_category` ORDER BY `create_time` desc LIMIT 0,20   [ RunTime:0.0168s ]
NOTIC: [8] Undefined variable: id /home/bjlongxingtang1b3jkl1oan2g9x6ixnjgktiatn3g/wwwroot/Admin/Controller/AdController.class.php 第 120 行.

[ 2018-06-07T18:27:06+08:00 ] 115.171.225.203 /admin/index/public_sessionlife.html
INFO: [ app_begin ] --START--
INFO: Run Behavior\ReadHtmlCacheBehavior [ RunTime:0.000684s ]
INFO: Run Common\Behavior\SettingBehavior [ RunTime:0.000501s ]
INFO: [ app_begin ] --END-- [ RunTime:0.001716s ]

[ 2018-06-07T18:27:08+08:00 ] 115.171.225.203 /admin/ad/binding/menuid/93.html?_=1528361847156
INFO: [ app_begin ] --START--
INFO: Run Behavior\ReadHtmlCacheBehavior [ RunTime:0.001070s ]
INFO: Run Common\Behavior\SettingBehavior [ RunTime:0.000714s ]
INFO: [ app_begin ] --END-- [ RunTime:0.002553s ]
SQL: SHOW COLUMNS FROM `log` [ RunTime:0.0255s ]
SQL: INSERT INTO `log` (`username`,`userid`,`controller`,`action`,`querystring`,`time`,`ip`) VALUES ('Super','1','Ad','binding','array (
  \'GET\' => 
  array (
    \'menuid\' => \'93\',
    \'_\' => \'1528361847156\',
  ),
)','2018-06-07 18-27-08','115.171.225.203') [ RunTime:0.0247s ]
SQL: SHOW COLUMNS FROM `menu` [ RunTime:0.0252s ]
SQL: SELECT * FROM `menu` WHERE `id` = 93 LIMIT 1   [ RunTime:0.0262s ]
SQL: SELECT * FROM `menu` WHERE `id` = 78 LIMIT 1   [ RunTime:0.0244s ]
SQL: SELECT * FROM `menu` WHERE `id` = 63 LIMIT 1   [ RunTime:0.0248s ]
SQL: SELECT * FROM `menu` WHERE `parentid` = 93 AND `display` = 1 AND `toolbar` = 1 ORDER BY listorder ASC LIMIT 1000   [ RunTime:0.0241s ]
INFO: [ view_parse ] --START--
INFO: [ template_filter ] --START--
INFO: Run Behavior\ContentReplaceBehavior [ RunTime:0.000059s ]
INFO: [ template_filter ] --END-- [ RunTime:0.000121s ]
INFO: Run Behavior\ParseTemplateBehavior [ RunTime:0.015889s ]
INFO: [ view_parse ] --END-- [ RunTime:0.015935s ]
INFO: [ view_filter ] --START--
INFO: Run Behavior\WriteHtmlCacheBehavior [ RunTime:0.000664s ]
INFO: [ view_filter ] --END-- [ RunTime:0.000705s ]
INFO: [ app_end ] --START--
INFO: Run Behavior\ShowPageTraceBehavior [ RunTime:0.001250s ]
INFO: [ app_end ] --END-- [ RunTime:0.001290s ]

[ 2018-06-07T18:27:08+08:00 ] 115.171.225.203 /admin/ad/binding/grid/datagrid.html
INFO: [ app_begin ] --START--
INFO: Run Behavior\ReadHtmlCacheBehavior [ RunTime:0.000794s ]
INFO: Run Common\Behavior\SettingBehavior [ RunTime:0.000529s ]
INFO: [ app_begin ] --END-- [ RunTime:0.001865s ]
SQL: SHOW COLUMNS FROM `log` [ RunTime:0.0179s ]
SQL: INSERT INTO `log` (`username`,`userid`,`controller`,`action`,`querystring`,`time`,`ip`) VALUES ('Super','1','Ad','binding','array (
  \'GET\' => 
  array (
    \'grid\' => \'datagrid\',
  ),
  \'POST\' => 
  array (
    \'page\' => \'1\',
    \'rows\' => \'20\',
  ),
)','2018-06-07 18-27-08','115.171.225.203') [ RunTime:0.0178s ]
SQL: SHOW COLUMNS FROM `advert_event` [ RunTime:0.0182s ]
SQL: SELECT COUNT(*) AS tp_count FROM `advert_event` LIMIT 1   [ RunTime:0.0171s ]
NOTIC: [8] Undefined variable: id /home/bjlongxingtang1b3jkl1oan2g9x6ixnjgktiatn3g/wwwroot/Admin/Controller/AdController.class.php 第 172 行.
SQL: SELECT * FROM `advert_event` ORDER BY `create_time` desc LIMIT 0,20   [ RunTime:0.0174s ]
NOTIC: [8] Undefined variable: id /home/bjlongxingtang1b3jkl1oan2g9x6ixnjgktiatn3g/wwwroot/Admin/Controller/AdController.class.php 第 181 行.

[ 2018-06-07T18:27:13+08:00 ] 115.171.225.203 /admin/charge/index/menuid/71.html?_=1528361847157
INFO: [ app_begin ] --START--
INFO: Run Behavior\ReadHtmlCacheBehavior [ RunTime:0.000686s ]
INFO: Run Common\Behavior\SettingBehavior [ RunTime:0.000470s ]
INFO: [ app_begin ] --END-- [ RunTime:0.001652s ]
SQL: SHOW COLUMNS FROM `log` [ RunTime:0.0190s ]
SQL: INSERT INTO `log` (`username`,`userid`,`controller`,`action`,`querystring`,`time`,`ip`) VALUES ('Super','1','Charge','index','array (
  \'GET\' => 
  array (
    \'menuid\' => \'71\',
    \'_\' => \'1528361847157\',
  ),
)','2018-06-07 18-27-13','115.171.225.203') [ RunTime:0.0185s ]
SQL: SHOW COLUMNS FROM `menu` [ RunTime:0.0186s ]
SQL: SELECT * FROM `menu` WHERE `id` = 71 LIMIT 1   [ RunTime:0.0183s ]
SQL: SELECT * FROM `menu` WHERE `id` = 70 LIMIT 1   [ RunTime:0.0183s ]
SQL: SELECT * FROM `menu` WHERE `id` = 63 LIMIT 1   [ RunTime:0.0185s ]
SQL: SELECT * FROM `menu` WHERE `parentid` = 71 AND `display` = 1 AND `toolbar` = 1 ORDER BY listorder ASC LIMIT 1000   [ RunTime:0.0185s ]
INFO: [ view_parse ] --START--
INFO: [ template_filter ] --START--
INFO: Run Behavior\ContentReplaceBehavior [ RunTime:0.000083s ]
INFO: [ template_filter ] --END-- [ RunTime:0.000166s ]
INFO: Run Behavior\ParseTemplateBehavior [ RunTime:0.016060s ]
INFO: [ view_parse ] --END-- [ RunTime:0.016113s ]
INFO: [ view_filter ] --START--
INFO: Run Behavior\WriteHtmlCacheBehavior [ RunTime:0.000373s ]
INFO: [ view_filter ] --END-- [ RunTime:0.000433s ]
INFO: [ app_end ] --START--
INFO: Run Behavior\ShowPageTraceBehavior [ RunTime:0.001197s ]
INFO: [ app_end ] --END-- [ RunTime:0.001256s ]

[ 2018-06-07T18:27:14+08:00 ] 115.171.225.203 /admin/charge/index/grid/datagrid.html
INFO: [ app_begin ] --START--
INFO: Run Behavior\ReadHtmlCacheBehavior [ RunTime:0.000660s ]
INFO: Run Common\Behavior\SettingBehavior [ RunTime:0.000458s ]
INFO: [ app_begin ] --END-- [ RunTime:0.001760s ]
SQL: SHOW COLUMNS FROM `log` [ RunTime:0.0181s ]
SQL: INSERT INTO `log` (`username`,`userid`,`controller`,`action`,`querystring`,`time`,`ip`) VALUES ('Super','1','Charge','index','array (
  \'GET\' => 
  array (
    \'grid\' => \'datagrid\',
  ),
  \'POST\' => 
  array (
    \'page\' => \'1\',
    \'rows\' => \'20\',
  ),
)','2018-06-07 18-27-13','115.171.225.203') [ RunTime:0.0173s ]
SQL: SHOW COLUMNS FROM `charge` [ RunTime:0.0176s ]
SQL: SELECT COUNT(*) AS tp_count FROM `charge` LIMIT 1   [ RunTime:0.0168s ]
NOTIC: [8] Undefined variable: id /home/bjlongxingtang1b3jkl1oan2g9x6ixnjgktiatn3g/wwwroot/Admin/Controller/ChargeController.class.php 第 49 行.
SQL: SELECT * FROM `charge` ORDER BY `create_time` desc LIMIT 0,20   [ RunTime:0.0185s ]
NOTIC: [8] Undefined variable: id /home/bjlongxingtang1b3jkl1oan2g9x6ixnjgktiatn3g/wwwroot/Admin/Controller/ChargeController.class.php 第 58 行.

[ 2018-06-07T18:27:16+08:00 ] 115.171.225.203 /admin/ad/category/menuid/92.html?_=1528361847158
INFO: [ app_begin ] --START--
INFO: Run Behavior\ReadHtmlCacheBehavior [ RunTime:0.000721s ]
INFO: Run Common\Behavior\SettingBehavior [ RunTime:0.000506s ]
INFO: [ app_begin ] --END-- [ RunTime:0.001738s ]
SQL: SHOW COLUMNS FROM `log` [ RunTime:0.0269s ]
SQL: INSERT INTO `log` (`username`,`userid`,`controller`,`action`,`querystring`,`time`,`ip`) VALUES ('Super','1','Ad','category','array (
  \'GET\' => 
  array (
    \'menuid\' => \'92\',
    \'_\' => \'1528361847158\',
  ),
)','2018-06-07 18-27-15','115.171.225.203') [ RunTime:0.0260s ]
SQL: SHOW COLUMNS FROM `menu` [ RunTime:0.0257s ]
SQL: SELECT * FROM `menu` WHERE `id` = 92 LIMIT 1   [ RunTime:0.0260s ]
SQL: SELECT * FROM `menu` WHERE `id` = 78 LIMIT 1   [ RunTime:0.0250s ]
SQL: SELECT * FROM `menu` WHERE `id` = 63 LIMIT 1   [ RunTime:0.0265s ]
SQL: SELECT * FROM `menu` WHERE `parentid` = 92 AND `display` = 1 AND `toolbar` = 1 ORDER BY listorder ASC LIMIT 1000   [ RunTime:0.0252s ]
INFO: [ view_parse ] --START--
INFO: [ template_filter ] --START--
INFO: Run Behavior\ContentReplaceBehavior [ RunTime:0.000058s ]
INFO: [ template_filter ] --END-- [ RunTime:0.000120s ]
INFO: Run Behavior\ParseTemplateBehavior [ RunTime:0.010880s ]
INFO: [ view_parse ] --END-- [ RunTime:0.010922s ]
INFO: [ view_filter ] --START--
INFO: Run Behavior\WriteHtmlCacheBehavior [ RunTime:0.000309s ]
INFO: [ view_filter ] --END-- [ RunTime:0.000349s ]
INFO: [ app_end ] --START--
INFO: Run Behavior\ShowPageTraceBehavior [ RunTime:0.000771s ]
INFO: [ app_end ] --END-- [ RunTime:0.000810s ]

[ 2018-06-07T18:27:16+08:00 ] 115.171.225.203 /admin/ad/category/grid/datagrid.html
INFO: [ app_begin ] --START--
INFO: Run Behavior\ReadHtmlCacheBehavior [ RunTime:0.000847s ]
INFO: Run Common\Behavior\SettingBehavior [ RunTime:0.000507s ]
INFO: [ app_begin ] --END-- [ RunTime:0.001963s ]
SQL: SHOW COLUMNS FROM `log` [ RunTime:0.0268s ]
SQL: INSERT INTO `log` (`username`,`userid`,`controller`,`action`,`querystring`,`time`,`ip`) VALUES ('Super','1','Ad','category','array (
  \'GET\' => 
  array (
    \'grid\' => \'datagrid\',
  ),
  \'POST\' => 
  array (
    \'page\' => \'1\',
    \'rows\' => \'20\',
  ),
)','2018-06-07 18-27-16','115.171.225.203') [ RunTime:0.0284s ]
SQL: SHOW COLUMNS FROM `advert_category` [ RunTime:0.0255s ]
SQL: SELECT COUNT(*) AS tp_count FROM `advert_category` LIMIT 1   [ RunTime:0.0252s ]
NOTIC: [8] Undefined variable: id /home/bjlongxingtang1b3jkl1oan2g9x6ixnjgktiatn3g/wwwroot/Admin/Controller/AdController.class.php 第 113 行.
SQL: SELECT * FROM `advert_category` ORDER BY `create_time` desc LIMIT 0,20   [ RunTime:0.0253s ]
NOTIC: [8] Undefined variable: id /home/bjlongxingtang1b3jkl1oan2g9x6ixnjgktiatn3g/wwwroot/Admin/Controller/AdController.class.php 第 120 行.

[ 2018-06-07T18:27:18+08:00 ] 115.171.225.203 /admin/ad/index/menuid/91.html?_=1528361847159
INFO: [ app_begin ] --START--
INFO: Run Behavior\ReadHtmlCacheBehavior [ RunTime:0.000743s ]
INFO: Run Common\Behavior\SettingBehavior [ RunTime:0.000519s ]
INFO: [ app_begin ] --END-- [ RunTime:0.001788s ]
SQL: SHOW COLUMNS FROM `log` [ RunTime:0.0264s ]
SQL: INSERT INTO `log` (`username`,`userid`,`controller`,`action`,`querystring`,`time`,`ip`) VALUES ('Super','1','Ad','index','array (
  \'GET\' => 
  array (
    \'menuid\' => \'91\',
    \'_\' => \'1528361847159\',
  ),
)','2018-06-07 18-27-17','115.171.225.203') [ RunTime:0.0256s ]
SQL: SHOW COLUMNS FROM `menu` [ RunTime:0.0264s ]
SQL: SELECT * FROM `menu` WHERE `id` = 91 LIMIT 1   [ RunTime:0.0258s ]
SQL: SELECT * FROM `menu` WHERE `id` = 78 LIMIT 1   [ RunTime:0.0256s ]
SQL: SELECT * FROM `menu` WHERE `id` = 63 LIMIT 1   [ RunTime:0.0279s ]
SQL: SELECT * FROM `menu` WHERE `parentid` = 91 AND `display` = 1 AND `toolbar` = 1 ORDER BY listorder ASC LIMIT 1000   [ RunTime:0.0259s ]
INFO: [ view_parse ] --START--
INFO: [ template_filter ] --START--
INFO: Run Behavior\ContentReplaceBehavior [ RunTime:0.000084s ]
INFO: [ template_filter ] --END-- [ RunTime:0.000154s ]
INFO: Run Behavior\ParseTemplateBehavior [ RunTime:0.016869s ]
INFO: [ view_parse ] --END-- [ RunTime:0.016930s ]
INFO: [ view_filter ] --START--
INFO: Run Behavior\WriteHtmlCacheBehavior [ RunTime:0.004578s ]
INFO: [ view_filter ] --END-- [ RunTime:0.004709s ]
INFO: [ app_end ] --START--
INFO: Run Behavior\ShowPageTraceBehavior [ RunTime:0.001514s ]
INFO: [ app_end ] --END-- [ RunTime:0.001648s ]

[ 2018-06-07T18:27:18+08:00 ] 115.171.225.203 /admin/ad/index/grid/datagrid.html
INFO: [ app_begin ] --START--
INFO: Run Behavior\ReadHtmlCacheBehavior [ RunTime:0.000741s ]
INFO: Run Common\Behavior\SettingBehavior [ RunTime:0.000511s ]
INFO: [ app_begin ] --END-- [ RunTime:0.001818s ]
SQL: SHOW COLUMNS FROM `log` [ RunTime:0.0188s ]
SQL: INSERT INTO `log` (`username`,`userid`,`controller`,`action`,`querystring`,`time`,`ip`) VALUES ('Super','1','Ad','index','array (
  \'GET\' => 
  array (
    \'grid\' => \'datagrid\',
  ),
  \'POST\' => 
  array (
    \'page\' => \'1\',
    \'rows\' => \'20\',
  ),
)','2018-06-07 18-27-18','115.171.225.203') [ RunTime:0.0181s ]
SQL: SHOW COLUMNS FROM `advert` [ RunTime:0.0182s ]
SQL: SELECT COUNT(*) AS tp_count FROM `advert` LIMIT 1   [ RunTime:0.0177s ]
NOTIC: [8] Undefined variable: id /home/bjlongxingtang1b3jkl1oan2g9x6ixnjgktiatn3g/wwwroot/Admin/Controller/AdController.class.php 第 50 行.
SQL: SELECT * FROM `advert` ORDER BY `sort` desc LIMIT 0,20   [ RunTime:0.0178s ]
NOTIC: [8] Undefined variable: id /home/bjlongxingtang1b3jkl1oan2g9x6ixnjgktiatn3g/wwwroot/Admin/Controller/AdController.class.php 第 61 行.

[ 2018-06-07T18:27:19+08:00 ] 115.171.225.203 /admin/fault/index/menuid/87.html?_=1528361847160
INFO: [ app_begin ] --START--
INFO: Run Behavior\ReadHtmlCacheBehavior [ RunTime:0.000755s ]
INFO: Run Common\Behavior\SettingBehavior [ RunTime:0.000493s ]
INFO: [ app_begin ] --END-- [ RunTime:0.001789s ]
SQL: SHOW COLUMNS FROM `log` [ RunTime:0.0190s ]
SQL: INSERT INTO `log` (`username`,`userid`,`controller`,`action`,`querystring`,`time`,`ip`) VALUES ('Super','1','Fault','index','array (
  \'GET\' => 
  array (
    \'menuid\' => \'87\',
    \'_\' => \'1528361847160\',
  ),
)','2018-06-07 18-27-19','115.171.225.203') [ RunTime:0.0184s ]
SQL: SHOW COLUMNS FROM `menu` [ RunTime:0.0184s ]
SQL: SELECT * FROM `menu` WHERE `id` = 87 LIMIT 1   [ RunTime:0.0181s ]
SQL: SELECT * FROM `menu` WHERE `id` = 77 LIMIT 1   [ RunTime:0.0181s ]
SQL: SELECT * FROM `menu` WHERE `id` = 63 LIMIT 1   [ RunTime:0.0185s ]
SQL: SELECT * FROM `menu` WHERE `parentid` = 87 AND `display` = 1 AND `toolbar` = 1 ORDER BY listorder ASC LIMIT 1000   [ RunTime:0.0198s ]
INFO: [ view_parse ] --START--
INFO: [ template_filter ] --START--
INFO: Run Behavior\ContentReplaceBehavior [ RunTime:0.000086s ]
INFO: [ template_filter ] --END-- [ RunTime:0.000218s ]
INFO: Run Behavior\ParseTemplateBehavior [ RunTime:0.016807s ]
INFO: [ view_parse ] --END-- [ RunTime:0.016872s ]
INFO: [ view_filter ] --START--
INFO: Run Behavior\WriteHtmlCacheBehavior [ RunTime:0.000441s ]
INFO: [ view_filter ] --END-- [ RunTime:0.000481s ]
INFO: [ app_end ] --START--
INFO: Run Behavior\ShowPageTraceBehavior [ RunTime:0.000893s ]
INFO: [ app_end ] --END-- [ RunTime:0.000949s ]

[ 2018-06-07T18:27:19+08:00 ] 115.171.225.203 /admin/fault/index/grid/datagrid.html
INFO: [ app_begin ] --START--
INFO: Run Behavior\ReadHtmlCacheBehavior [ RunTime:0.000678s ]
INFO: Run Common\Behavior\SettingBehavior [ RunTime:0.000473s ]
INFO: [ app_begin ] --END-- [ RunTime:0.001700s ]
SQL: SHOW COLUMNS FROM `log` [ RunTime:0.0169s ]
SQL: INSERT INTO `log` (`username`,`userid`,`controller`,`action`,`querystring`,`time`,`ip`) VALUES ('Super','1','Fault','index','array (
  \'GET\' => 
  array (
    \'grid\' => \'datagrid\',
  ),
  \'POST\' => 
  array (
    \'page\' => \'1\',
    \'rows\' => \'20\',
  ),
)','2018-06-07 18-27-19','115.171.225.203') [ RunTime:0.0163s ]
SQL: SHOW COLUMNS FROM `fault_log` [ RunTime:0.0194s ]
SQL: SELECT COUNT(*) AS tp_count FROM `fault_log` WHERE ( 1 ) LIMIT 1   [ RunTime:0.0165s ]
NOTIC: [8] Undefined variable: id /home/bjlongxingtang1b3jkl1oan2g9x6ixnjgktiatn3g/wwwroot/Admin/Controller/FaultController.class.php 第 50 行.
SQL: SELECT * FROM `fault_log` WHERE ( 1 ) ORDER BY `add_time` desc LIMIT 0,20   [ RunTime:0.0183s ]
NOTIC: [8] Undefined variable: id /home/bjlongxingtang1b3jkl1oan2g9x6ixnjgktiatn3g/wwwroot/Admin/Controller/FaultController.class.php 第 60 行.

[ 2018-06-07T18:27:21+08:00 ] 115.171.225.203 /admin/index/public_sessionlife.html
INFO: [ app_begin ] --START--
INFO: Run Behavior\ReadHtmlCacheBehavior [ RunTime:0.000719s ]
INFO: Run Common\Behavior\SettingBehavior [ RunTime:0.000468s ]
INFO: [ app_begin ] --END-- [ RunTime:0.001696s ]

[ 2018-06-07T18:27:21+08:00 ] 115.171.225.203 /admin/cduser/cduser/menuid/100.html?_=1528361847161
INFO: [ app_begin ] --START--
INFO: Run Behavior\ReadHtmlCacheBehavior [ RunTime:0.000710s ]
INFO: Run Common\Behavior\SettingBehavior [ RunTime:0.000539s ]
INFO: [ app_begin ] --END-- [ RunTime:0.001757s ]
SQL: SHOW COLUMNS FROM `log` [ RunTime:0.0259s ]
SQL: INSERT INTO `log` (`username`,`userid`,`controller`,`action`,`querystring`,`time`,`ip`) VALUES ('Super','1','Cduser','cduser','array (
  \'GET\' => 
  array (
    \'menuid\' => \'100\',
    \'_\' => \'1528361847161\',
  ),
)','2018-06-07 18-27-21','115.171.225.203') [ RunTime:0.0253s ]
SQL: SHOW COLUMNS FROM `menu` [ RunTime:0.0254s ]
SQL: SELECT * FROM `menu` WHERE `id` = 100 LIMIT 1   [ RunTime:0.0251s ]
SQL: SELECT * FROM `menu` WHERE `id` = 76 LIMIT 1   [ RunTime:0.0253s ]
SQL: SELECT * FROM `menu` WHERE `id` = 63 LIMIT 1   [ RunTime:0.0251s ]
SQL: SELECT * FROM `menu` WHERE `parentid` = 100 AND `display` = 1 AND `toolbar` = 1 ORDER BY listorder ASC LIMIT 1000   [ RunTime:0.0251s ]
INFO: [ view_parse ] --START--
INFO: [ template_filter ] --START--
INFO: Run Behavior\ContentReplaceBehavior [ RunTime:0.000105s ]
INFO: [ template_filter ] --END-- [ RunTime:0.000195s ]
INFO: Run Behavior\ParseTemplateBehavior [ RunTime:0.021616s ]
INFO: [ view_parse ] --END-- [ RunTime:0.022544s ]
INFO: [ view_filter ] --START--
INFO: Run Behavior\WriteHtmlCacheBehavior [ RunTime:0.000525s ]
INFO: [ view_filter ] --END-- [ RunTime:0.000581s ]
INFO: [ app_end ] --START--
INFO: Run Behavior\ShowPageTraceBehavior [ RunTime:0.001160s ]
INFO: [ app_end ] --END-- [ RunTime:0.001239s ]

[ 2018-06-07T18:27:22+08:00 ] 115.171.225.203 /admin/cduser/cduser/grid/datagrid.html
INFO: [ app_begin ] --START--
INFO: Run Behavior\ReadHtmlCacheBehavior [ RunTime:0.000684s ]
INFO: Run Common\Behavior\SettingBehavior [ RunTime:0.000547s ]
INFO: [ app_begin ] --END-- [ RunTime:0.001807s ]
SQL: SHOW COLUMNS FROM `log` [ RunTime:0.0183s ]
SQL: INSERT INTO `log` (`username`,`userid`,`controller`,`action`,`querystring`,`time`,`ip`) VALUES ('Super','1','Cduser','cduser','array (
  \'GET\' => 
  array (
    \'grid\' => \'datagrid\',
  ),
  \'POST\' => 
  array (
    \'page\' => \'1\',
    \'rows\' => \'20\',
  ),
)','2018-06-07 18-27-21','115.171.225.203') [ RunTime:0.0180s ]
SQL: SHOW COLUMNS FROM `users` [ RunTime:0.0184s ]
SQL: SELECT COUNT(*) AS tp_count FROM `users` WHERE ( 1 ) LIMIT 1   [ RunTime:0.0176s ]
NOTIC: [8] Undefined variable: id /home/bjlongxingtang1b3jkl1oan2g9x6ixnjgktiatn3g/wwwroot/Admin/Controller/CduserController.class.php 第 50 行.
SQL: SELECT * FROM `users` WHERE ( 1 ) ORDER BY `creation_time` desc LIMIT 0,20   [ RunTime:0.0181s ]
NOTIC: [8] iconv(): Detected an illegal character in input string /home/bjlongxingtang1b3jkl1oan2g9x6ixnjgktiatn3g/wwwroot/Admin/Common/function.php 第 242 行.
NOTIC: [8] Undefined variable: id /home/bjlongxingtang1b3jkl1oan2g9x6ixnjgktiatn3g/wwwroot/Admin/Controller/CduserController.class.php 第 60 行.

[ 2018-06-07T18:27:22+08:00 ] 115.171.225.203 /admin/index/public_welcome.html?_=1528361847162
INFO: [ app_begin ] --START--
INFO: Run Behavior\ReadHtmlCacheBehavior [ RunTime:0.000678s ]
INFO: Run Common\Behavior\SettingBehavior [ RunTime:0.000428s ]
INFO: [ app_begin ] --END-- [ RunTime:0.001577s ]
SQL: SHOW COLUMNS FROM `admin_log` [ RunTime:0.0181s ]
SQL: SELECT * FROM `admin_log` WHERE `userid` = 1 ORDER BY time desc LIMIT 5   [ RunTime:0.0175s ]
INFO: [ view_parse ] --START--
INFO: [ template_filter ] --START--
INFO: Run Behavior\ContentReplaceBehavior [ RunTime:0.000102s ]
INFO: [ template_filter ] --END-- [ RunTime:0.000171s ]
INFO: Run Behavior\ParseTemplateBehavior [ RunTime:0.016932s ]
INFO: [ view_parse ] --END-- [ RunTime:0.016980s ]
INFO: [ view_filter ] --START--
INFO: Run Behavior\WriteHtmlCacheBehavior [ RunTime:0.000321s ]
INFO: [ view_filter ] --END-- [ RunTime:0.000358s ]
INFO: [ app_end ] --START--
INFO: Run Behavior\ShowPageTraceBehavior [ RunTime:0.000838s ]
INFO: [ app_end ] --END-- [ RunTime:0.000881s ]

[ 2018-06-07T18:27:36+08:00 ] 115.171.225.203 /admin/index/public_sessionlife.html
INFO: [ app_begin ] --START--
INFO: Run Behavior\ReadHtmlCacheBehavior [ RunTime:0.001168s ]
INFO: Run Common\Behavior\SettingBehavior [ RunTime:0.000858s ]
INFO: [ app_begin ] --END-- [ RunTime:0.002944s ]

[ 2018-06-07T18:27:51+08:00 ] 115.171.225.203 /admin/index/public_sessionlife.html
INFO: [ app_begin ] --START--
INFO: Run Behavior\ReadHtmlCacheBehavior [ RunTime:0.000705s ]
INFO: Run Common\Behavior\SettingBehavior [ RunTime:0.000466s ]
INFO: [ app_begin ] --END-- [ RunTime:0.001667s ]

[ 2018-06-07T18:28:06+08:00 ] 115.171.225.203 /admin/index/public_sessionlife.html
INFO: [ app_begin ] --START--
INFO: Run Behavior\ReadHtmlCacheBehavior [ RunTime:0.000705s ]
INFO: Run Common\Behavior\SettingBehavior [ RunTime:0.000482s ]
INFO: [ app_begin ] --END-- [ RunTime:0.001742s ]

[ 2018-06-07T18:28:21+08:00 ] 115.171.225.203 /admin/index/public_sessionlife.html
INFO: [ app_begin ] --START--
INFO: Run Behavior\ReadHtmlCacheBehavior [ RunTime:0.001000s ]
INFO: Run Common\Behavior\SettingBehavior [ RunTime:0.000550s ]
INFO: [ app_begin ] --END-- [ RunTime:0.002236s ]

[ 2018-06-07T18:28:36+08:00 ] 115.171.225.203 /admin/index/public_sessionlife.html
INFO: [ app_begin ] --START--
INFO: Run Behavior\ReadHtmlCacheBehavior [ RunTime:0.001053s ]
INFO: Run Common\Behavior\SettingBehavior [ RunTime:0.001886s ]
INFO: [ app_begin ] --END-- [ RunTime:0.003686s ]

[ 2018-06-07T18:28:51+08:00 ] 115.171.225.203 /admin/index/public_sessionlife.html
INFO: [ app_begin ] --START--
INFO: Run Behavior\ReadHtmlCacheBehavior [ RunTime:0.001035s ]
INFO: Run Common\Behavior\SettingBehavior [ RunTime:0.000714s ]
INFO: [ app_begin ] --END-- [ RunTime:0.002543s ]

[ 2018-06-07T18:29:06+08:00 ] 115.171.225.203 /admin/index/public_sessionlife.html
INFO: [ app_begin ] --START--
INFO: Run Behavior\ReadHtmlCacheBehavior [ RunTime:0.000979s ]
INFO: Run Common\Behavior\SettingBehavior [ RunTime:0.000777s ]
INFO: [ app_begin ] --END-- [ RunTime:0.002521s ]

[ 2018-06-07T18:29:21+08:00 ] 115.171.225.203 /admin/index/public_sessionlife.html
INFO: [ app_begin ] --START--
INFO: Run Behavior\ReadHtmlCacheBehavior [ RunTime:0.000868s ]
INFO: Run Common\Behavior\SettingBehavior [ RunTime:0.000595s ]
INFO: [ app_begin ] --END-- [ RunTime:0.002031s ]

[ 2018-06-07T18:29:36+08:00 ] 115.171.225.203 /admin/index/public_sessionlife.html
INFO: [ app_begin ] --START--
INFO: Run Behavior\ReadHtmlCacheBehavior [ RunTime:0.001051s ]
INFO: Run Common\Behavior\SettingBehavior [ RunTime:0.000718s ]
INFO: [ app_begin ] --END-- [ RunTime:0.002482s ]

[ 2018-06-07T18:29:51+08:00 ] 115.171.225.203 /admin/index/public_sessionlife.html
INFO: [ app_begin ] --START--
INFO: Run Behavior\ReadHtmlCacheBehavior [ RunTime:0.000762s ]
INFO: Run Common\Behavior\SettingBehavior [ RunTime:0.000483s ]
INFO: [ app_begin ] --END-- [ RunTime:0.002028s ]

[ 2018-06-07T18:30:06+08:00 ] 115.171.225.203 /admin/index/public_sessionlife.html
INFO: [ app_begin ] --START--
INFO: Run Behavior\ReadHtmlCacheBehavior [ RunTime:0.000682s ]
INFO: Run Common\Behavior\SettingBehavior [ RunTime:0.000475s ]
INFO: [ app_begin ] --END-- [ RunTime:0.001686s ]

[ 2018-06-07T18:30:21+08:00 ] 115.171.225.203 /admin/index/public_sessionlife.html
INFO: [ app_begin ] --START--
INFO: Run Behavior\ReadHtmlCacheBehavior [ RunTime:0.000776s ]
INFO: Run Common\Behavior\SettingBehavior [ RunTime:0.000535s ]
INFO: [ app_begin ] --END-- [ RunTime:0.001848s ]

[ 2018-06-07T18:30:36+08:00 ] 115.171.225.203 /admin/index/public_sessionlife.html
INFO: [ app_begin ] --START--
INFO: Run Behavior\ReadHtmlCacheBehavior [ RunTime:0.000687s ]
INFO: Run Common\Behavior\SettingBehavior [ RunTime:0.000499s ]
INFO: [ app_begin ] --END-- [ RunTime:0.001724s ]

[ 2018-06-07T18:30:51+08:00 ] 115.171.225.203 /admin/index/public_sessionlife.html
INFO: [ app_begin ] --START--
INFO: Run Behavior\ReadHtmlCacheBehavior [ RunTime:0.000734s ]
INFO: Run Common\Behavior\SettingBehavior [ RunTime:0.000509s ]
INFO: [ app_begin ] --END-- [ RunTime:0.001772s ]

[ 2018-06-07T18:31:06+08:00 ] 115.171.225.203 /admin/index/public_sessionlife.html
INFO: [ app_begin ] --START--
INFO: Run Behavior\ReadHtmlCacheBehavior [ RunTime:0.000733s ]
INFO: Run Common\Behavior\SettingBehavior [ RunTime:0.000462s ]
INFO: [ app_begin ] --END-- [ RunTime:0.001719s ]

[ 2018-06-07T18:31:21+08:00 ] 115.171.225.203 /admin/index/public_sessionlife.html
INFO: [ app_begin ] --START--
INFO: Run Behavior\ReadHtmlCacheBehavior [ RunTime:0.000717s ]
INFO: Run Common\Behavior\SettingBehavior [ RunTime:0.000525s ]
INFO: [ app_begin ] --END-- [ RunTime:0.001924s ]

[ 2018-06-07T18:31:36+08:00 ] 115.171.225.203 /admin/index/public_sessionlife.html
INFO: [ app_begin ] --START--
INFO: Run Behavior\ReadHtmlCacheBehavior [ RunTime:0.000823s ]
INFO: Run Common\Behavior\SettingBehavior [ RunTime:0.000621s ]
INFO: [ app_begin ] --END-- [ RunTime:0.002006s ]

[ 2018-06-07T18:31:51+08:00 ] 115.171.225.203 /admin/index/public_sessionlife.html
INFO: [ app_begin ] --START--
INFO: Run Behavior\ReadHtmlCacheBehavior [ RunTime:0.000689s ]
INFO: Run Common\Behavior\SettingBehavior [ RunTime:0.000481s ]
INFO: [ app_begin ] --END-- [ RunTime:0.001696s ]

[ 2018-06-07T18:32:06+08:00 ] 115.171.225.203 /admin/index/public_sessionlife.html
INFO: [ app_begin ] --START--
INFO: Run Behavior\ReadHtmlCacheBehavior [ RunTime:0.000744s ]
INFO: Run Common\Behavior\SettingBehavior [ RunTime:0.000529s ]
INFO: [ app_begin ] --END-- [ RunTime:0.001831s ]

[ 2018-06-07T18:32:21+08:00 ] 115.171.225.203 /admin/index/public_sessionlife.html
INFO: [ app_begin ] --START--
INFO: Run Behavior\ReadHtmlCacheBehavior [ RunTime:0.000947s ]
INFO: Run Common\Behavior\SettingBehavior [ RunTime:0.000717s ]
INFO: [ app_begin ] --END-- [ RunTime:0.002273s ]

[ 2018-06-07T18:32:36+08:00 ] 115.171.225.203 /admin/index/public_sessionlife.html
INFO: [ app_begin ] --START--
INFO: Run Behavior\ReadHtmlCacheBehavior [ RunTime:0.001089s ]
INFO: Run Common\Behavior\SettingBehavior [ RunTime:0.000724s ]
INFO: [ app_begin ] --END-- [ RunTime:0.002629s ]

[ 2018-06-07T18:32:51+08:00 ] 115.171.225.203 /admin/index/public_sessionlife.html
INFO: [ app_begin ] --START--
INFO: Run Behavior\ReadHtmlCacheBehavior [ RunTime:0.001122s ]
INFO: Run Common\Behavior\SettingBehavior [ RunTime:0.000690s ]
INFO: [ app_begin ] --END-- [ RunTime:0.002571s ]

[ 2018-06-07T18:33:06+08:00 ] 115.171.225.203 /admin/index/public_sessionlife.html
INFO: [ app_begin ] --START--
INFO: Run Behavior\ReadHtmlCacheBehavior [ RunTime:0.001059s ]
INFO: Run Common\Behavior\SettingBehavior [ RunTime:0.000683s ]
INFO: [ app_begin ] --END-- [ RunTime:0.002525s ]

[ 2018-06-07T18:33:21+08:00 ] 115.171.225.203 /admin/index/public_sessionlife.html
INFO: [ app_begin ] --START--
INFO: Run Behavior\ReadHtmlCacheBehavior [ RunTime:0.001046s ]
INFO: Run Common\Behavior\SettingBehavior [ RunTime:0.000703s ]
INFO: [ app_begin ] --END-- [ RunTime:0.002619s ]

[ 2018-06-07T18:33:36+08:00 ] 115.171.225.203 /admin/index/public_sessionlife.html
INFO: [ app_begin ] --START--
INFO: Run Behavior\ReadHtmlCacheBehavior [ RunTime:0.000773s ]
INFO: Run Common\Behavior\SettingBehavior [ RunTime:0.000532s ]
INFO: [ app_begin ] --END-- [ RunTime:0.001877s ]

[ 2018-06-07T18:33:51+08:00 ] 115.171.225.203 /admin/index/public_sessionlife.html
INFO: [ app_begin ] --START--
INFO: Run Behavior\ReadHtmlCacheBehavior [ RunTime:0.000733s ]
INFO: Run Common\Behavior\SettingBehavior [ RunTime:0.000551s ]
INFO: [ app_begin ] --END-- [ RunTime:0.001859s ]

[ 2018-06-07T18:34:06+08:00 ] 115.171.225.203 /admin/index/public_sessionlife.html
INFO: [ app_begin ] --START--
INFO: Run Behavior\ReadHtmlCacheBehavior [ RunTime:0.000738s ]
INFO: Run Common\Behavior\SettingBehavior [ RunTime:0.000508s ]
INFO: [ app_begin ] --END-- [ RunTime:0.001841s ]

[ 2018-06-07T18:34:21+08:00 ] 115.171.225.203 /admin/index/public_sessionlife.html
INFO: [ app_begin ] --START--
INFO: Run Behavior\ReadHtmlCacheBehavior [ RunTime:0.000775s ]
INFO: Run Common\Behavior\SettingBehavior [ RunTime:0.000637s ]
INFO: [ app_begin ] --END-- [ RunTime:0.001964s ]

