[ 2018-07-02T09:43:07+08:00 ] 115.171.24.11 /admin/index/index.html
INFO: [ app_init ] --START--
INFO: Run Behavior\BuildLiteBehavior [ RunTime:0.000030s ]
INFO: Run Common\Behavior\InitHookBehavior [ RunTime:0.006572s ]
INFO: [ app_init ] --END-- [ RunTime:0.007487s ]
INFO: [ app_begin ] --START--
INFO: Run Behavior\ReadHtmlCacheBehavior [ RunTime:0.001228s ]
INFO: Run Common\Behavior\SettingBehavior [ RunTime:0.000716s ]
INFO: [ app_begin ] --END-- [ RunTime:0.002056s ]
SQL: SELECT UUID() AS uuid; [ RunTime:0.0238s ]
INFO: [ view_parse ] --START--
INFO: [ template_filter ] --START--
INFO: Run Behavior\ContentReplaceBehavior [ RunTime:0.000091s ]
INFO: [ template_filter ] --END-- [ RunTime:0.000166s ]
INFO: Run Behavior\ParseTemplateBehavior [ RunTime:0.012606s ]
INFO: [ view_parse ] --END-- [ RunTime:0.012669s ]
INFO: [ view_filter ] --START--
INFO: Run Behavior\WriteHtmlCacheBehavior [ RunTime:0.000312s ]
INFO: [ view_filter ] --END-- [ RunTime:0.000353s ]

[ 2018-07-02T09:44:11+08:00 ] 115.171.24.11 /admin/index/login.html
INFO: [ app_init ] --START--
INFO: Run Behavior\BuildLiteBehavior [ RunTime:0.000025s ]
INFO: Run Common\Behavior\InitHookBehavior [ RunTime:0.004157s ]
INFO: [ app_init ] --END-- [ RunTime:0.004790s ]
INFO: [ app_begin ] --START--
INFO: Run Behavior\ReadHtmlCacheBehavior [ RunTime:0.000755s ]
INFO: Run Common\Behavior\SettingBehavior [ RunTime:0.000485s ]
INFO: [ app_begin ] --END-- [ RunTime:0.001316s ]
INFO: [ view_parse ] --START--
INFO: [ template_filter ] --START--
INFO: Run Behavior\ContentReplaceBehavior [ RunTime:0.000076s ]
INFO: [ template_filter ] --END-- [ RunTime:0.000138s ]
INFO: Run Behavior\ParseTemplateBehavior [ RunTime:0.010174s ]
INFO: [ view_parse ] --END-- [ RunTime:0.010219s ]
INFO: [ view_filter ] --START--
INFO: Run Behavior\WriteHtmlCacheBehavior [ RunTime:0.000230s ]
INFO: [ view_filter ] --END-- [ RunTime:0.000287s ]
INFO: [ app_end ] --START--
INFO: Run Behavior\ShowPageTraceBehavior [ RunTime:0.001246s ]
INFO: [ app_end ] --END-- [ RunTime:0.001291s ]

[ 2018-07-02T09:44:11+08:00 ] 115.171.24.11 /admin/index/code/code_len/4/font_size/15/width/120/height/40/code/1530495851.html
INFO: [ app_init ] --START--
INFO: Run Behavior\BuildLiteBehavior [ RunTime:0.000024s ]
INFO: Run Common\Behavior\InitHookBehavior [ RunTime:0.004267s ]
INFO: [ app_init ] --END-- [ RunTime:0.004928s ]
INFO: [ app_begin ] --START--
INFO: Run Behavior\ReadHtmlCacheBehavior [ RunTime:0.000728s ]
INFO: Run Common\Behavior\SettingBehavior [ RunTime:0.000482s ]
INFO: [ app_begin ] --END-- [ RunTime:0.001303s ]
INFO: [ app_end ] --START--
INFO: Run Behavior\ShowPageTraceBehavior [ RunTime:0.001276s ]
INFO: [ app_end ] --END-- [ RunTime:0.001347s ]

[ 2018-07-02T09:44:25+08:00 ] 115.171.24.11 /admin/index/code/code_len/4/font_size/15/width/120/height/40/code/1530495851.html&0.08577404820990453
INFO: [ app_init ] --START--
INFO: Run Behavior\BuildLiteBehavior [ RunTime:0.000018s ]
INFO: Run Common\Behavior\InitHookBehavior [ RunTime:0.004048s ]
INFO: [ app_init ] --END-- [ RunTime:0.004640s ]
INFO: [ app_begin ] --START--
INFO: Run Behavior\ReadHtmlCacheBehavior [ RunTime:0.000682s ]
INFO: Run Common\Behavior\SettingBehavior [ RunTime:0.000486s ]
INFO: [ app_begin ] --END-- [ RunTime:0.001238s ]
INFO: [ app_end ] --START--
INFO: Run Behavior\ShowPageTraceBehavior [ RunTime:0.000768s ]
INFO: [ app_end ] --END-- [ RunTime:0.000818s ]

[ 2018-07-02T09:44:33+08:00 ] 115.171.24.11 /admin/index/login.html
INFO: [ app_init ] --START--
INFO: Run Behavior\BuildLiteBehavior [ RunTime:0.000021s ]
INFO: Run Common\Behavior\InitHookBehavior [ RunTime:0.004212s ]
INFO: [ app_init ] --END-- [ RunTime:0.004874s ]
INFO: [ app_begin ] --START--
INFO: Run Behavior\ReadHtmlCacheBehavior [ RunTime:0.000688s ]
INFO: Run Common\Behavior\SettingBehavior [ RunTime:0.000480s ]
INFO: [ app_begin ] --END-- [ RunTime:0.001233s ]
SQL: SHOW COLUMNS FROM `admin` [ RunTime:0.0195s ]
SQL: SHOW COLUMNS FROM `times` [ RunTime:0.0181s ]
SQL: SELECT * FROM `admin` WHERE `username` = 'Super' AND `status` = 1 LIMIT 1   [ RunTime:0.0187s ]
SQL: SELECT * FROM `times` WHERE `username` = 'Super' AND `type` = 0 LIMIT 1   [ RunTime:0.0177s ]
NOTIC: [2] Illegal offset type in isset or empty /home/bjlongxingtang1b3jkl1oan2g9x6ixnjgktiatn3g/wwwroot/ThinkPHP/Library/Think/Model.class.php 第 511 行.
SQL: DELETE FROM `times` WHERE `username` = 'Super' AND `type` = 0 [ RunTime:0.0184s ]
SQL: UPDATE `admin` SET `lastloginip`='115.171.24.11',`lastlogintime`='1530495873' WHERE `userid` = 1 [ RunTime:0.0179s ]
SQL: SHOW COLUMNS FROM `admin_log` [ RunTime:0.0191s ]
SQL: INSERT INTO `admin_log` (`userid`,`username`,`httpuseragent`,`ip`,`time`,`type`,`sessionid`) VALUES ('1','Super','Mozilla/5.0 (Windows NT 10.0; Win64; x64) AppleWebKit/537.36 (KHTML, like Gecko) Chrome/64.0.3282.140 Safari/537.36 Edge/17.17134','115.171.24.11','2018-07-02 09:44:33','login','fpdqo9gbqlq0vtb6n16fn4dgq1') [ RunTime:0.0178s ]
SQL: SHOW COLUMNS FROM `admin_role` [ RunTime:0.0195s ]
SQL: SELECT `rolename`,`roleid` FROM `admin_role` WHERE `roleid` = 1 AND `status` = 1 LIMIT 1   [ RunTime:0.0179s ]

[ 2018-07-02T09:44:33+08:00 ] 115.171.24.11 /admin/index/index.html
INFO: [ app_init ] --START--
INFO: Run Behavior\BuildLiteBehavior [ RunTime:0.000027s ]
INFO: Run Common\Behavior\InitHookBehavior [ RunTime:0.005593s ]
INFO: [ app_init ] --END-- [ RunTime:0.006384s ]
INFO: [ app_begin ] --START--
INFO: Run Behavior\ReadHtmlCacheBehavior [ RunTime:0.001005s ]
INFO: Run Common\Behavior\SettingBehavior [ RunTime:0.000664s ]
INFO: [ app_begin ] --END-- [ RunTime:0.001797s ]
SQL: SHOW COLUMNS FROM `log` [ RunTime:0.0186s ]
SQL: INSERT INTO `log` (`username`,`userid`,`controller`,`action`,`querystring`,`time`,`ip`) VALUES ('Super','1','Index','index','array (
  \'GET\' => 
  array (
  ),
)','2018-07-02 09-44-33','115.171.24.11') [ RunTime:0.0183s ]
SQL: SHOW COLUMNS FROM `menu` [ RunTime:0.0189s ]
SQL: SELECT * FROM `menu` WHERE `parentid` = 0 AND `display` = 1 ORDER BY listorder ASC LIMIT 1000   [ RunTime:0.0185s ]
INFO: [ view_parse ] --START--
INFO: [ template_filter ] --START--
INFO: Run Behavior\ContentReplaceBehavior [ RunTime:0.000088s ]
INFO: [ template_filter ] --END-- [ RunTime:0.000137s ]
INFO: Run Behavior\ParseTemplateBehavior [ RunTime:0.014733s ]
INFO: [ view_parse ] --END-- [ RunTime:0.014785s ]
INFO: [ view_filter ] --START--
INFO: Run Behavior\WriteHtmlCacheBehavior [ RunTime:0.000479s ]
INFO: [ view_filter ] --END-- [ RunTime:0.000519s ]
INFO: [ app_end ] --START--
INFO: Run Behavior\ShowPageTraceBehavior [ RunTime:0.000816s ]
INFO: [ app_end ] --END-- [ RunTime:0.000860s ]

[ 2018-07-02T09:44:34+08:00 ] 115.171.24.11 /admin/index/public_welcome.html?_=1530495871851
INFO: [ app_init ] --START--
INFO: Run Behavior\BuildLiteBehavior [ RunTime:0.000024s ]
INFO: Run Common\Behavior\InitHookBehavior [ RunTime:0.004597s ]
INFO: [ app_init ] --END-- [ RunTime:0.005380s ]
INFO: [ app_begin ] --START--
INFO: Run Behavior\ReadHtmlCacheBehavior [ RunTime:0.000788s ]
INFO: Run Common\Behavior\SettingBehavior [ RunTime:0.000564s ]
INFO: [ app_begin ] --END-- [ RunTime:0.001434s ]
SQL: SHOW COLUMNS FROM `admin_log` [ RunTime:0.0253s ]
SQL: SELECT * FROM `admin_log` WHERE `userid` = 1 ORDER BY time desc LIMIT 5   [ RunTime:0.0251s ]
INFO: [ view_parse ] --START--
INFO: [ template_filter ] --START--
INFO: Run Behavior\ContentReplaceBehavior [ RunTime:0.000064s ]
INFO: [ template_filter ] --END-- [ RunTime:0.000133s ]
INFO: Run Behavior\ParseTemplateBehavior [ RunTime:0.012534s ]
INFO: [ view_parse ] --END-- [ RunTime:0.012582s ]
INFO: [ view_filter ] --START--
INFO: Run Behavior\WriteHtmlCacheBehavior [ RunTime:0.000321s ]
INFO: [ view_filter ] --END-- [ RunTime:0.000365s ]
INFO: [ app_end ] --START--
INFO: Run Behavior\ShowPageTraceBehavior [ RunTime:0.001095s ]
INFO: [ app_end ] --END-- [ RunTime:0.001176s ]

[ 2018-07-02T09:44:34+08:00 ] 115.171.24.11 /admin/index/public_left/menuid/63.html
INFO: [ app_init ] --START--
INFO: Run Behavior\BuildLiteBehavior [ RunTime:0.000042s ]
INFO: Run Common\Behavior\InitHookBehavior [ RunTime:0.004409s ]
INFO: [ app_init ] --END-- [ RunTime:0.005055s ]
INFO: [ app_begin ] --START--
INFO: Run Behavior\ReadHtmlCacheBehavior [ RunTime:0.000723s ]
INFO: Run Common\Behavior\SettingBehavior [ RunTime:0.000491s ]
INFO: [ app_begin ] --END-- [ RunTime:0.001304s ]
SQL: SHOW COLUMNS FROM `menu` [ RunTime:0.0241s ]
SQL: SELECT * FROM `menu` WHERE `parentid` = 63 AND `display` = 1 ORDER BY listorder ASC LIMIT 1000   [ RunTime:0.0243s ]

[ 2018-07-02T09:44:35+08:00 ] 115.171.24.11 /admin/index/public_leftdefault/id/64.html?_=1530495871852
INFO: [ app_init ] --START--
INFO: Run Behavior\BuildLiteBehavior [ RunTime:0.000035s ]
INFO: Run Common\Behavior\InitHookBehavior [ RunTime:0.006293s ]
INFO: [ app_init ] --END-- [ RunTime:0.007277s ]
INFO: [ app_begin ] --START--
INFO: Run Behavior\ReadHtmlCacheBehavior [ RunTime:0.000734s ]
INFO: Run Common\Behavior\SettingBehavior [ RunTime:0.000546s ]
INFO: [ app_begin ] --END-- [ RunTime:0.001352s ]
SQL: SHOW COLUMNS FROM `menu` [ RunTime:0.0187s ]
SQL: SELECT * FROM `menu` WHERE `parentid` = 64 AND `display` = 1 ORDER BY listorder ASC LIMIT 1000   [ RunTime:0.0185s ]
INFO: [ view_parse ] --START--
INFO: [ template_filter ] --START--
INFO: Run Behavior\ContentReplaceBehavior [ RunTime:0.000072s ]
INFO: [ template_filter ] --END-- [ RunTime:0.000139s ]
INFO: Run Behavior\ParseTemplateBehavior [ RunTime:0.015342s ]
INFO: [ view_parse ] --END-- [ RunTime:0.015403s ]
INFO: [ view_filter ] --START--
INFO: Run Behavior\WriteHtmlCacheBehavior [ RunTime:0.000382s ]
INFO: [ view_filter ] --END-- [ RunTime:0.000419s ]
INFO: [ app_end ] --START--
INFO: Run Behavior\ShowPageTraceBehavior [ RunTime:0.000880s ]
INFO: [ app_end ] --END-- [ RunTime:0.000921s ]

[ 2018-07-02T09:44:35+08:00 ] 115.171.24.11 /admin/index/public_leftdefault/id/70.html?_=1530495871853
INFO: [ app_init ] --START--
INFO: Run Behavior\BuildLiteBehavior [ RunTime:0.000028s ]
INFO: Run Common\Behavior\InitHookBehavior [ RunTime:0.005866s ]
INFO: [ app_init ] --END-- [ RunTime:0.006702s ]
INFO: [ app_begin ] --START--
INFO: Run Behavior\ReadHtmlCacheBehavior [ RunTime:0.001010s ]
INFO: Run Common\Behavior\SettingBehavior [ RunTime:0.000727s ]
INFO: [ app_begin ] --END-- [ RunTime:0.001847s ]
SQL: SHOW COLUMNS FROM `menu` [ RunTime:0.0318s ]
SQL: SELECT * FROM `menu` WHERE `parentid` = 70 AND `display` = 1 ORDER BY listorder ASC LIMIT 1000   [ RunTime:0.0321s ]
INFO: [ view_parse ] --START--
INFO: [ template_filter ] --START--
INFO: Run Behavior\ContentReplaceBehavior [ RunTime:0.000269s ]
INFO: [ template_filter ] --END-- [ RunTime:0.000359s ]
INFO: Run Behavior\ParseTemplateBehavior [ RunTime:0.024306s ]
INFO: [ view_parse ] --END-- [ RunTime:0.024362s ]
INFO: [ view_filter ] --START--
INFO: Run Behavior\WriteHtmlCacheBehavior [ RunTime:0.000330s ]
INFO: [ view_filter ] --END-- [ RunTime:0.000370s ]
INFO: [ app_end ] --START--
INFO: Run Behavior\ShowPageTraceBehavior [ RunTime:0.001030s ]
INFO: [ app_end ] --END-- [ RunTime:0.001108s ]

[ 2018-07-02T09:44:35+08:00 ] 115.171.24.11 /admin/index/public_leftdefault/id/77.html?_=1530495871856
INFO: [ app_init ] --START--
INFO: Run Behavior\BuildLiteBehavior [ RunTime:0.000023s ]
INFO: Run Common\Behavior\InitHookBehavior [ RunTime:0.004745s ]
INFO: [ app_init ] --END-- [ RunTime:0.005365s ]
INFO: [ app_begin ] --START--
INFO: Run Behavior\ReadHtmlCacheBehavior [ RunTime:0.000828s ]
INFO: Run Common\Behavior\SettingBehavior [ RunTime:0.000560s ]
INFO: [ app_begin ] --END-- [ RunTime:0.001463s ]
SQL: SHOW COLUMNS FROM `menu` [ RunTime:0.0255s ]
SQL: SELECT * FROM `menu` WHERE `parentid` = 77 AND `display` = 1 ORDER BY listorder ASC LIMIT 1000   [ RunTime:0.0265s ]
INFO: [ view_parse ] --START--
INFO: [ template_filter ] --START--
INFO: Run Behavior\ContentReplaceBehavior [ RunTime:0.000048s ]
INFO: [ template_filter ] --END-- [ RunTime:0.000089s ]
INFO: Run Behavior\ParseTemplateBehavior [ RunTime:0.009802s ]
INFO: [ view_parse ] --END-- [ RunTime:0.009852s ]
INFO: [ view_filter ] --START--
INFO: Run Behavior\WriteHtmlCacheBehavior [ RunTime:0.000229s ]
INFO: [ view_filter ] --END-- [ RunTime:0.000266s ]
INFO: [ app_end ] --START--
INFO: Run Behavior\ShowPageTraceBehavior [ RunTime:0.000812s ]
INFO: [ app_end ] --END-- [ RunTime:0.000858s ]

[ 2018-07-02T09:44:35+08:00 ] 115.171.24.11 /admin/index/public_leftdefault/id/78.html?_=1530495871857
INFO: [ app_init ] --START--
INFO: Run Behavior\BuildLiteBehavior [ RunTime:0.000021s ]
INFO: Run Common\Behavior\InitHookBehavior [ RunTime:0.004264s ]
INFO: [ app_init ] --END-- [ RunTime:0.004887s ]
INFO: [ app_begin ] --START--
INFO: Run Behavior\ReadHtmlCacheBehavior [ RunTime:0.000757s ]
INFO: Run Common\Behavior\SettingBehavior [ RunTime:0.000742s ]
INFO: [ app_begin ] --END-- [ RunTime:0.001596s ]
SQL: SHOW COLUMNS FROM `menu` [ RunTime:0.0289s ]
SQL: SELECT * FROM `menu` WHERE `parentid` = 78 AND `display` = 1 ORDER BY listorder ASC LIMIT 1000   [ RunTime:0.0263s ]
INFO: [ view_parse ] --START--
INFO: [ template_filter ] --START--
INFO: Run Behavior\ContentReplaceBehavior [ RunTime:0.000056s ]
INFO: [ template_filter ] --END-- [ RunTime:0.000135s ]
INFO: Run Behavior\ParseTemplateBehavior [ RunTime:0.008569s ]
INFO: [ view_parse ] --END-- [ RunTime:0.008612s ]
INFO: [ view_filter ] --START--
INFO: Run Behavior\WriteHtmlCacheBehavior [ RunTime:0.000289s ]
INFO: [ view_filter ] --END-- [ RunTime:0.000326s ]
INFO: [ app_end ] --START--
INFO: Run Behavior\ShowPageTraceBehavior [ RunTime:0.000796s ]
INFO: [ app_end ] --END-- [ RunTime:0.000839s ]

[ 2018-07-02T09:44:36+08:00 ] 115.171.24.11 /admin/index/public_leftdefault/id/76.html?_=1530495871855
INFO: [ app_init ] --START--
INFO: Run Behavior\BuildLiteBehavior [ RunTime:0.000038s ]
INFO: Run Common\Behavior\InitHookBehavior [ RunTime:0.008938s ]
INFO: [ app_init ] --END-- [ RunTime:0.009978s ]
INFO: [ app_begin ] --START--
INFO: Run Behavior\ReadHtmlCacheBehavior [ RunTime:0.001715s ]
INFO: Run Common\Behavior\SettingBehavior [ RunTime:0.000514s ]
INFO: [ app_begin ] --END-- [ RunTime:0.002309s ]
SQL: SHOW COLUMNS FROM `menu` [ RunTime:0.0179s ]
SQL: SELECT * FROM `menu` WHERE `parentid` = 76 AND `display` = 1 ORDER BY listorder ASC LIMIT 1000   [ RunTime:0.0175s ]
INFO: [ view_parse ] --START--
INFO: [ template_filter ] --START--
INFO: Run Behavior\ContentReplaceBehavior [ RunTime:0.000063s ]
INFO: [ template_filter ] --END-- [ RunTime:0.000122s ]
INFO: Run Behavior\ParseTemplateBehavior [ RunTime:0.010164s ]
INFO: [ view_parse ] --END-- [ RunTime:0.010217s ]
INFO: [ view_filter ] --START--
INFO: Run Behavior\WriteHtmlCacheBehavior [ RunTime:0.000326s ]
INFO: [ view_filter ] --END-- [ RunTime:0.000382s ]
INFO: [ app_end ] --START--
INFO: Run Behavior\ShowPageTraceBehavior [ RunTime:0.000914s ]
INFO: [ app_end ] --END-- [ RunTime:0.000961s ]

[ 2018-07-02T09:44:36+08:00 ] 115.171.24.11 /admin/index/public_leftdefault/id/75.html?_=1530495871854
INFO: [ app_init ] --START--
INFO: Run Behavior\BuildLiteBehavior [ RunTime:0.000024s ]
INFO: Run Common\Behavior\InitHookBehavior [ RunTime:0.005726s ]
INFO: [ app_init ] --END-- [ RunTime:0.006367s ]
INFO: [ app_begin ] --START--
INFO: Run Behavior\ReadHtmlCacheBehavior [ RunTime:0.001104s ]
INFO: Run Common\Behavior\SettingBehavior [ RunTime:0.000745s ]
INFO: [ app_begin ] --END-- [ RunTime:0.001969s ]
SQL: SHOW COLUMNS FROM `menu` [ RunTime:0.0193s ]
SQL: SELECT * FROM `menu` WHERE `parentid` = 75 AND `display` = 1 ORDER BY listorder ASC LIMIT 1000   [ RunTime:0.0179s ]
INFO: [ view_parse ] --START--
INFO: [ template_filter ] --START--
INFO: Run Behavior\ContentReplaceBehavior [ RunTime:0.000123s ]
INFO: [ template_filter ] --END-- [ RunTime:0.000201s ]
INFO: Run Behavior\ParseTemplateBehavior [ RunTime:0.011984s ]
INFO: [ view_parse ] --END-- [ RunTime:0.012046s ]
INFO: [ view_filter ] --START--
INFO: Run Behavior\WriteHtmlCacheBehavior [ RunTime:0.000352s ]
INFO: [ view_filter ] --END-- [ RunTime:0.000407s ]
INFO: [ app_end ] --START--
INFO: Run Behavior\ShowPageTraceBehavior [ RunTime:0.001131s ]
INFO: [ app_end ] --END-- [ RunTime:0.001188s ]

[ 2018-07-02T09:44:49+08:00 ] 115.171.24.11 /admin/index/public_sessionlife.html
INFO: [ app_init ] --START--
INFO: Run Behavior\BuildLiteBehavior [ RunTime:0.000021s ]
INFO: Run Common\Behavior\InitHookBehavior [ RunTime:0.004062s ]
INFO: [ app_init ] --END-- [ RunTime:0.004684s ]
INFO: [ app_begin ] --START--
INFO: Run Behavior\ReadHtmlCacheBehavior [ RunTime:0.000686s ]
INFO: Run Common\Behavior\SettingBehavior [ RunTime:0.000462s ]
INFO: [ app_begin ] --END-- [ RunTime:0.001215s ]

[ 2018-07-02T09:44:51+08:00 ] 115.171.24.11 /admin/power/powerlist/menuid/119.html?_=1530495871858
INFO: [ app_init ] --START--
INFO: Run Behavior\BuildLiteBehavior [ RunTime:0.000030s ]
INFO: Run Common\Behavior\InitHookBehavior [ RunTime:0.006628s ]
INFO: [ app_init ] --END-- [ RunTime:0.008028s ]
INFO: [ app_begin ] --START--
INFO: Run Behavior\ReadHtmlCacheBehavior [ RunTime:0.001062s ]
INFO: Run Common\Behavior\SettingBehavior [ RunTime:0.000646s ]
INFO: [ app_begin ] --END-- [ RunTime:0.001803s ]
SQL: SHOW COLUMNS FROM `menu` [ RunTime:0.0278s ]
SQL: SELECT * FROM `menu` WHERE `id` = 119 LIMIT 1   [ RunTime:0.0296s ]
SQL: SELECT * FROM `menu` WHERE `id` = 70 LIMIT 1   [ RunTime:0.0270s ]
SQL: SELECT * FROM `menu` WHERE `id` = 63 LIMIT 1   [ RunTime:0.0285s ]
SQL: SELECT * FROM `menu` WHERE `parentid` = 119 AND `display` = 1 AND `toolbar` = 1 ORDER BY listorder ASC LIMIT 1000   [ RunTime:0.0276s ]
INFO: [ view_parse ] --START--
INFO: [ template_filter ] --START--
INFO: Run Behavior\ContentReplaceBehavior [ RunTime:0.000060s ]
INFO: [ template_filter ] --END-- [ RunTime:0.000467s ]
INFO: Run Behavior\ParseTemplateBehavior [ RunTime:0.015037s ]
INFO: [ view_parse ] --END-- [ RunTime:0.015080s ]
INFO: [ view_filter ] --START--
INFO: Run Behavior\WriteHtmlCacheBehavior [ RunTime:0.000345s ]
INFO: [ view_filter ] --END-- [ RunTime:0.000380s ]
INFO: [ app_end ] --START--
INFO: Run Behavior\ShowPageTraceBehavior [ RunTime:0.000808s ]
INFO: [ app_end ] --END-- [ RunTime:0.000847s ]

[ 2018-07-02T09:44:51+08:00 ] 115.171.24.11 /admin/power/powerlist/grid/datagrid.html
INFO: [ app_init ] --START--
INFO: Run Behavior\BuildLiteBehavior [ RunTime:0.000029s ]
INFO: Run Common\Behavior\InitHookBehavior [ RunTime:0.004493s ]
INFO: [ app_init ] --END-- [ RunTime:0.005192s ]
INFO: [ app_begin ] --START--
INFO: Run Behavior\ReadHtmlCacheBehavior [ RunTime:0.000741s ]
INFO: Run Common\Behavior\SettingBehavior [ RunTime:0.000509s ]
INFO: [ app_begin ] --END-- [ RunTime:0.001320s ]
SQL: SHOW COLUMNS FROM `power_info` [ RunTime:0.0194s ]
NOTIC: [8] Undefined variable: search /home/bjlongxingtang1b3jkl1oan2g9x6ixnjgktiatn3g/wwwroot/Admin/Controller/PowerController.class.php 第 17 行.
NOTIC: [2] Invalid argument supplied for foreach() /home/bjlongxingtang1b3jkl1oan2g9x6ixnjgktiatn3g/wwwroot/Admin/Controller/PowerController.class.php 第 17 行.
SQL: SELECT COUNT(*) AS tp_count FROM power_info b LIMIT 1   [ RunTime:0.0184s ]
SQL: SELECT a.username,b.* FROM power_info b left join admin as a on a.userid = b.adminid  ORDER BY b.id desc LIMIT 0,20   [ RunTime:0.0191s ]

[ 2018-07-02T09:45:04+08:00 ] 115.171.24.11 /admin/index/public_sessionlife.html
INFO: [ app_init ] --START--
INFO: Run Behavior\BuildLiteBehavior [ RunTime:0.000032s ]
INFO: Run Common\Behavior\InitHookBehavior [ RunTime:0.006747s ]
INFO: [ app_init ] --END-- [ RunTime:0.007597s ]
INFO: [ app_begin ] --START--
INFO: Run Behavior\ReadHtmlCacheBehavior [ RunTime:0.001169s ]
INFO: Run Common\Behavior\SettingBehavior [ RunTime:0.000777s ]
INFO: [ app_begin ] --END-- [ RunTime:0.002075s ]

[ 2018-07-02T09:45:19+08:00 ] 115.171.24.11 /admin/index/public_sessionlife.html
INFO: [ app_init ] --START--
INFO: Run Behavior\BuildLiteBehavior [ RunTime:0.000022s ]
INFO: Run Common\Behavior\InitHookBehavior [ RunTime:0.004979s ]
INFO: [ app_init ] --END-- [ RunTime:0.005636s ]
INFO: [ app_begin ] --START--
INFO: Run Behavior\ReadHtmlCacheBehavior [ RunTime:0.000719s ]
INFO: Run Common\Behavior\SettingBehavior [ RunTime:0.000694s ]
INFO: [ app_begin ] --END-- [ RunTime:0.001495s ]

[ 2018-07-02T09:45:34+08:00 ] 115.171.24.11 /admin/index/public_sessionlife.html
INFO: [ app_init ] --START--
INFO: Run Behavior\BuildLiteBehavior [ RunTime:0.000021s ]
INFO: Run Common\Behavior\InitHookBehavior [ RunTime:0.004132s ]
INFO: [ app_init ] --END-- [ RunTime:0.004710s ]
INFO: [ app_begin ] --START--
INFO: Run Behavior\ReadHtmlCacheBehavior [ RunTime:0.000703s ]
INFO: Run Common\Behavior\SettingBehavior [ RunTime:0.000464s ]
INFO: [ app_begin ] --END-- [ RunTime:0.001234s ]

[ 2018-07-02T09:45:49+08:00 ] 115.171.24.11 /admin/index/public_sessionlife.html
INFO: [ app_init ] --START--
INFO: Run Behavior\BuildLiteBehavior [ RunTime:0.000025s ]
INFO: Run Common\Behavior\InitHookBehavior [ RunTime:0.004248s ]
INFO: [ app_init ] --END-- [ RunTime:0.004882s ]
INFO: [ app_begin ] --START--
INFO: Run Behavior\ReadHtmlCacheBehavior [ RunTime:0.000750s ]
INFO: Run Common\Behavior\SettingBehavior [ RunTime:0.000484s ]
INFO: [ app_begin ] --END-- [ RunTime:0.001316s ]

[ 2018-07-02T09:46:04+08:00 ] 115.171.24.11 /admin/index/public_sessionlife.html
INFO: [ app_init ] --START--
INFO: Run Behavior\BuildLiteBehavior [ RunTime:0.000045s ]
INFO: Run Common\Behavior\InitHookBehavior [ RunTime:0.005621s ]
INFO: [ app_init ] --END-- [ RunTime:0.008642s ]
INFO: [ app_begin ] --START--
INFO: Run Behavior\ReadHtmlCacheBehavior [ RunTime:0.000741s ]
INFO: Run Common\Behavior\SettingBehavior [ RunTime:0.000515s ]
INFO: [ app_begin ] --END-- [ RunTime:0.001333s ]

[ 2018-07-02T09:46:19+08:00 ] 115.171.24.11 /admin/index/public_sessionlife.html
INFO: [ app_init ] --START--
INFO: Run Behavior\BuildLiteBehavior [ RunTime:0.000034s ]
INFO: Run Common\Behavior\InitHookBehavior [ RunTime:0.006332s ]
INFO: [ app_init ] --END-- [ RunTime:0.007152s ]
INFO: [ app_begin ] --START--
INFO: Run Behavior\ReadHtmlCacheBehavior [ RunTime:0.001097s ]
INFO: Run Common\Behavior\SettingBehavior [ RunTime:0.000714s ]
INFO: [ app_begin ] --END-- [ RunTime:0.001914s ]

[ 2018-07-02T09:46:35+08:00 ] 115.171.24.11 /admin/index/public_sessionlife.html
INFO: [ app_init ] --START--
INFO: Run Behavior\BuildLiteBehavior [ RunTime:0.000027s ]
INFO: Run Common\Behavior\InitHookBehavior [ RunTime:0.006158s ]
INFO: [ app_init ] --END-- [ RunTime:0.007451s ]
INFO: [ app_begin ] --START--
INFO: Run Behavior\ReadHtmlCacheBehavior [ RunTime:0.000742s ]
INFO: Run Common\Behavior\SettingBehavior [ RunTime:0.000498s ]
INFO: [ app_begin ] --END-- [ RunTime:0.001310s ]

[ 2018-07-02T09:46:50+08:00 ] 115.171.24.11 /admin/index/public_sessionlife.html
INFO: [ app_init ] --START--
INFO: Run Behavior\BuildLiteBehavior [ RunTime:0.000036s ]
INFO: Run Common\Behavior\InitHookBehavior [ RunTime:0.006393s ]
INFO: [ app_init ] --END-- [ RunTime:0.007374s ]
INFO: [ app_begin ] --START--
INFO: Run Behavior\ReadHtmlCacheBehavior [ RunTime:0.001128s ]
INFO: Run Common\Behavior\SettingBehavior [ RunTime:0.000740s ]
INFO: [ app_begin ] --END-- [ RunTime:0.001982s ]

[ 2018-07-02T09:47:05+08:00 ] 115.171.24.11 /admin/index/public_sessionlife.html
INFO: [ app_init ] --START--
INFO: Run Behavior\BuildLiteBehavior [ RunTime:0.000023s ]
INFO: Run Common\Behavior\InitHookBehavior [ RunTime:0.004296s ]
INFO: [ app_init ] --END-- [ RunTime:0.004942s ]
INFO: [ app_begin ] --START--
INFO: Run Behavior\ReadHtmlCacheBehavior [ RunTime:0.000884s ]
INFO: Run Common\Behavior\SettingBehavior [ RunTime:0.000786s ]
INFO: [ app_begin ] --END-- [ RunTime:0.001766s ]

[ 2018-07-02T09:47:20+08:00 ] 115.171.24.11 /admin/index/public_sessionlife.html
INFO: [ app_init ] --START--
INFO: Run Behavior\BuildLiteBehavior [ RunTime:0.000039s ]
INFO: Run Common\Behavior\InitHookBehavior [ RunTime:0.006056s ]
INFO: [ app_init ] --END-- [ RunTime:0.006973s ]
INFO: [ app_begin ] --START--
INFO: Run Behavior\ReadHtmlCacheBehavior [ RunTime:0.000959s ]
INFO: Run Common\Behavior\SettingBehavior [ RunTime:0.000636s ]
INFO: [ app_begin ] --END-- [ RunTime:0.001688s ]

[ 2018-07-02T09:47:35+08:00 ] 115.171.24.11 /admin/index/public_sessionlife.html
INFO: [ app_init ] --START--
INFO: Run Behavior\BuildLiteBehavior [ RunTime:0.000024s ]
INFO: Run Common\Behavior\InitHookBehavior [ RunTime:0.005757s ]
INFO: [ app_init ] --END-- [ RunTime:0.006385s ]
INFO: [ app_begin ] --START--
INFO: Run Behavior\ReadHtmlCacheBehavior [ RunTime:0.000731s ]
INFO: Run Common\Behavior\SettingBehavior [ RunTime:0.000630s ]
INFO: [ app_begin ] --END-- [ RunTime:0.001447s ]

[ 2018-07-02T09:47:50+08:00 ] 115.171.24.11 /admin/index/public_sessionlife.html
INFO: [ app_init ] --START--
INFO: Run Behavior\BuildLiteBehavior [ RunTime:0.000033s ]
INFO: Run Common\Behavior\InitHookBehavior [ RunTime:0.005854s ]
INFO: [ app_init ] --END-- [ RunTime:0.006862s ]
INFO: [ app_begin ] --START--
INFO: Run Behavior\ReadHtmlCacheBehavior [ RunTime:0.000788s ]
INFO: Run Common\Behavior\SettingBehavior [ RunTime:0.000497s ]
INFO: [ app_begin ] --END-- [ RunTime:0.001382s ]

[ 2018-07-02T09:48:05+08:00 ] 115.171.24.11 /admin/index/public_sessionlife.html
INFO: [ app_init ] --START--
INFO: Run Behavior\BuildLiteBehavior [ RunTime:0.000046s ]
INFO: Run Common\Behavior\InitHookBehavior [ RunTime:0.008245s ]
INFO: [ app_init ] --END-- [ RunTime:0.009230s ]
INFO: [ app_begin ] --START--
INFO: Run Behavior\ReadHtmlCacheBehavior [ RunTime:0.001093s ]
INFO: Run Common\Behavior\SettingBehavior [ RunTime:0.000737s ]
INFO: [ app_begin ] --END-- [ RunTime:0.001964s ]

[ 2018-07-02T09:48:20+08:00 ] 115.171.24.11 /admin/index/public_sessionlife.html
INFO: [ app_init ] --START--
INFO: Run Behavior\BuildLiteBehavior [ RunTime:0.000027s ]
INFO: Run Common\Behavior\InitHookBehavior [ RunTime:0.006304s ]
INFO: [ app_init ] --END-- [ RunTime:0.007048s ]
INFO: [ app_begin ] --START--
INFO: Run Behavior\ReadHtmlCacheBehavior [ RunTime:0.000726s ]
INFO: Run Common\Behavior\SettingBehavior [ RunTime:0.000484s ]
INFO: [ app_begin ] --END-- [ RunTime:0.001282s ]

[ 2018-07-02T09:48:35+08:00 ] 115.171.24.11 /admin/index/public_sessionlife.html
INFO: [ app_init ] --START--
INFO: Run Behavior\BuildLiteBehavior [ RunTime:0.000026s ]
INFO: Run Common\Behavior\InitHookBehavior [ RunTime:0.004514s ]
INFO: [ app_init ] --END-- [ RunTime:0.005215s ]
INFO: [ app_begin ] --START--
INFO: Run Behavior\ReadHtmlCacheBehavior [ RunTime:0.000840s ]
INFO: Run Common\Behavior\SettingBehavior [ RunTime:0.000564s ]
INFO: [ app_begin ] --END-- [ RunTime:0.001499s ]

[ 2018-07-02T09:48:50+08:00 ] 115.171.24.11 /admin/index/public_sessionlife.html
INFO: [ app_init ] --START--
INFO: Run Behavior\BuildLiteBehavior [ RunTime:0.000036s ]
INFO: Run Common\Behavior\InitHookBehavior [ RunTime:0.007198s ]
INFO: [ app_init ] --END-- [ RunTime:0.008259s ]
INFO: [ app_begin ] --START--
INFO: Run Behavior\ReadHtmlCacheBehavior [ RunTime:0.001189s ]
INFO: Run Common\Behavior\SettingBehavior [ RunTime:0.000698s ]
INFO: [ app_begin ] --END-- [ RunTime:0.002002s ]

[ 2018-07-02T09:49:05+08:00 ] 115.171.24.11 /admin/index/public_sessionlife.html
INFO: [ app_init ] --START--
INFO: Run Behavior\BuildLiteBehavior [ RunTime:0.000032s ]
INFO: Run Common\Behavior\InitHookBehavior [ RunTime:0.005167s ]
INFO: [ app_init ] --END-- [ RunTime:0.005974s ]
INFO: [ app_begin ] --START--
INFO: Run Behavior\ReadHtmlCacheBehavior [ RunTime:0.001015s ]
INFO: Run Common\Behavior\SettingBehavior [ RunTime:0.000642s ]
INFO: [ app_begin ] --END-- [ RunTime:0.001751s ]

[ 2018-07-02T09:49:20+08:00 ] 115.171.24.11 /admin/index/public_sessionlife.html
INFO: [ app_init ] --START--
INFO: Run Behavior\BuildLiteBehavior [ RunTime:0.000024s ]
INFO: Run Common\Behavior\InitHookBehavior [ RunTime:0.004035s ]
INFO: [ app_init ] --END-- [ RunTime:0.004678s ]
INFO: [ app_begin ] --START--
INFO: Run Behavior\ReadHtmlCacheBehavior [ RunTime:0.000698s ]
INFO: Run Common\Behavior\SettingBehavior [ RunTime:0.000446s ]
INFO: [ app_begin ] --END-- [ RunTime:0.001229s ]

[ 2018-07-02T09:49:35+08:00 ] 115.171.24.11 /admin/index/public_sessionlife.html
INFO: [ app_init ] --START--
INFO: Run Behavior\BuildLiteBehavior [ RunTime:0.000025s ]
INFO: Run Common\Behavior\InitHookBehavior [ RunTime:0.005214s ]
INFO: [ app_init ] --END-- [ RunTime:0.005866s ]
INFO: [ app_begin ] --START--
INFO: Run Behavior\ReadHtmlCacheBehavior [ RunTime:0.001119s ]
INFO: Run Common\Behavior\SettingBehavior [ RunTime:0.000729s ]
INFO: [ app_begin ] --END-- [ RunTime:0.001972s ]

[ 2018-07-02T09:49:50+08:00 ] 115.171.24.11 /admin/index/public_sessionlife.html
INFO: [ app_init ] --START--
INFO: Run Behavior\BuildLiteBehavior [ RunTime:0.000030s ]
INFO: Run Common\Behavior\InitHookBehavior [ RunTime:0.006190s ]
INFO: [ app_init ] --END-- [ RunTime:0.007123s ]
INFO: [ app_begin ] --START--
INFO: Run Behavior\ReadHtmlCacheBehavior [ RunTime:0.000737s ]
INFO: Run Common\Behavior\SettingBehavior [ RunTime:0.000492s ]
INFO: [ app_begin ] --END-- [ RunTime:0.001311s ]

[ 2018-07-02T09:50:05+08:00 ] 115.171.24.11 /admin/index/public_sessionlife.html
INFO: [ app_init ] --START--
INFO: Run Behavior\BuildLiteBehavior [ RunTime:0.000034s ]
INFO: Run Common\Behavior\InitHookBehavior [ RunTime:0.005778s ]
INFO: [ app_init ] --END-- [ RunTime:0.006707s ]
INFO: [ app_begin ] --START--
INFO: Run Behavior\ReadHtmlCacheBehavior [ RunTime:0.001025s ]
INFO: Run Common\Behavior\SettingBehavior [ RunTime:0.000744s ]
INFO: [ app_begin ] --END-- [ RunTime:0.001867s ]

[ 2018-07-02T09:50:20+08:00 ] 115.171.24.11 /admin/index/public_sessionlife.html
INFO: [ app_init ] --START--
INFO: Run Behavior\BuildLiteBehavior [ RunTime:0.000024s ]
INFO: Run Common\Behavior\InitHookBehavior [ RunTime:0.004661s ]
INFO: [ app_init ] --END-- [ RunTime:0.005443s ]
INFO: [ app_begin ] --START--
INFO: Run Behavior\ReadHtmlCacheBehavior [ RunTime:0.000690s ]
INFO: Run Common\Behavior\SettingBehavior [ RunTime:0.000508s ]
INFO: [ app_begin ] --END-- [ RunTime:0.001271s ]

[ 2018-07-02T09:50:35+08:00 ] 115.171.24.11 /admin/index/public_sessionlife.html
INFO: [ app_init ] --START--
INFO: Run Behavior\BuildLiteBehavior [ RunTime:0.000022s ]
INFO: Run Common\Behavior\InitHookBehavior [ RunTime:0.004929s ]
INFO: [ app_init ] --END-- [ RunTime:0.005597s ]
INFO: [ app_begin ] --START--
INFO: Run Behavior\ReadHtmlCacheBehavior [ RunTime:0.000906s ]
INFO: Run Common\Behavior\SettingBehavior [ RunTime:0.000561s ]
INFO: [ app_begin ] --END-- [ RunTime:0.001561s ]

[ 2018-07-02T09:50:50+08:00 ] 115.171.24.11 /admin/index/public_sessionlife.html
INFO: [ app_init ] --START--
INFO: Run Behavior\BuildLiteBehavior [ RunTime:0.000036s ]
INFO: Run Common\Behavior\InitHookBehavior [ RunTime:0.004738s ]
INFO: [ app_init ] --END-- [ RunTime:0.005684s ]
INFO: [ app_begin ] --START--
INFO: Run Behavior\ReadHtmlCacheBehavior [ RunTime:0.000813s ]
INFO: Run Common\Behavior\SettingBehavior [ RunTime:0.000625s ]
INFO: [ app_begin ] --END-- [ RunTime:0.001541s ]

[ 2018-07-02T09:51:05+08:00 ] 115.171.24.11 /admin/index/public_sessionlife.html
INFO: [ app_init ] --START--
INFO: Run Behavior\BuildLiteBehavior [ RunTime:0.000027s ]
INFO: Run Common\Behavior\InitHookBehavior [ RunTime:0.006225s ]
INFO: [ app_init ] --END-- [ RunTime:0.006952s ]
INFO: [ app_begin ] --START--
INFO: Run Behavior\ReadHtmlCacheBehavior [ RunTime:0.001257s ]
INFO: Run Common\Behavior\SettingBehavior [ RunTime:0.000774s ]
INFO: [ app_begin ] --END-- [ RunTime:0.002216s ]

[ 2018-07-02T09:51:20+08:00 ] 115.171.24.11 /admin/index/public_sessionlife.html
INFO: [ app_init ] --START--
INFO: Run Behavior\BuildLiteBehavior [ RunTime:0.000025s ]
INFO: Run Common\Behavior\InitHookBehavior [ RunTime:0.004480s ]
INFO: [ app_init ] --END-- [ RunTime:0.005141s ]
INFO: [ app_begin ] --START--
INFO: Run Behavior\ReadHtmlCacheBehavior [ RunTime:0.000755s ]
INFO: Run Common\Behavior\SettingBehavior [ RunTime:0.000484s ]
INFO: [ app_begin ] --END-- [ RunTime:0.001322s ]

